TCB2C 000:000.470   SEGGER J-Link V8.44a Log File
TCB2C 000:000.601   DLL Compiled: Jun 18 2025 16:28:32
TCB2C 000:000.606   Logging started @ 2026-07-09 23:27
TCB2C 000:000.610   Process: C:\Users\VincentD'Agostino\.eclipse\com.renesas.platform_1435879475\DebugComp\RA\e2-server-gdb.exe
TCB2C 000:000.618 - 0.613ms 
TCB2C 000:000.628 JLINK_GetDLLVersion()
TCB2C 000:000.632 - 0.004ms returns 84401
TCB2C 000:002.502 JLINK_OpenEx(...)
TCB2C 000:009.867   Firmware: J-Link OB-S124 compiled May  6 2026 14:59:45
TCB2C 000:011.316   Firmware: J-Link OB-S124 compiled May  6 2026 14:59:45
TCB2C 000:036.052   Hardware: V1.00
TCB2C 000:036.076   S/N: 831255269
TCB2C 000:036.081   OEM: SEGGER
TCB2C 000:036.093   Feature(s): None
TCB2C 000:037.568   Bootloader: 2017 Feb 06
TCB2C 000:038.799   USB speed mode: Full speed (12 MBit/s)
TCB2C 000:039.587   TELNET listener socket opened on port 19021
TCB2C 000:039.729   WEBSRV WEBSRV_Init(): Starting webserver thread(s)
TCB2C 000:039.927   WEBSRV Webserver running on local port 19080
TCB2C 000:040.011   Looking for J-Link GUI Server exe at: C:\Users\VincentD'Agostino\.eclipse\com.renesas.platform_1435879475\DebugComp\RA\ARM\Segger_v8.44.1\JLinkGUIServer.exe
TCB2C 000:040.073   Looking for J-Link GUI Server exe at: C:\Program Files\SEGGER\JLink_V942\JLinkGUIServer.exe
TCB2C 000:040.097   Forking J-Link GUI Server: C:\Program Files\SEGGER\JLink_V942\JLinkGUIServer.exe
TCB2C 000:063.448   J-Link GUI Server info: "J-Link GUI server V9.42 "
TCB2C 000:069.768 - 67.258ms returns "O.K."
TCB2C 000:069.899 JLINK_ExecCommand("ProjectFile=W:\Workspace_2025-12\FM150_SensorShield_RA6M3/FM150_SensorShield_RA6M3 Debug_Flat.jlink", ...). 
TCB2C 000:086.789 - 16.893ms returns 0x00
TCB2C 000:087.129 JLINK_ExecCommand("device=R7FA6M3AH", ...). 
TCB2C 000:088.174   Flash bank @ 0x0100A150: SFL: Parsing sectorization info from ELF file
TCB2C 000:088.184     FlashDevice.SectorInfo[0]: .SectorSize = 0x00000020, .SectorStartAddr = 0x00000000
TCB2C 000:088.742   Flash bank @ 0x60000000: SFL: Parsing sectorization info from ELF file
TCB2C 000:088.750     FlashDevice.SectorInfo[0]: .SectorSize = 0x00010000, .SectorStartAddr = 0x00000000
TCB2C 000:092.424   Device "R7FA6M3AH" selected.
TCB2C 000:092.833 - 5.691ms returns 0x00
TCB2C 000:092.894 JLINK_ExecCommand("SetCPUConnectIDCODE = FFFFFFFFFFFFFFFFFFFFFFFFFFFFFFFF", ...). 
TCB2C 000:092.917 - 0.007ms returns 0x00
TCB2C 000:092.939 JLINK_TIF_GetAvailable(...)
TCB2C 000:093.410 - 0.470ms 
TCB2C 000:093.417 JLINK_TIF_Select(JLINKARM_TIF_SWD)
TCB2C 000:094.991 - 1.573ms returns 0x00
TCB2C 000:095.013 JLINK_SetSpeed(4000)
TCB2C 000:095.290 - 0.280ms 
TCB2C 000:095.312 JLINK_SetEndian(ARM_ENDIAN_LITTLE)
TCB2C 000:095.317 - 0.004ms returns 0
TCB2C 000:095.363 JLINK_SetInitRegsOnReset(OFF)
TCB2C 000:095.369 - 0.007ms returns 1
TCB2C 000:095.375 JLINK_SetResetType(JLINKARM_RESET_TYPE_NO_RESET)
TCB2C 000:095.379 - 0.004ms returns JLINKARM_RESET_TYPE_NORMAL
TCB2C 000:095.384 JLINK_ExecCommand("EnableFlashBPs", ...). 
TCB2C 000:095.391 - 0.002ms returns 0x00
TCB2C 000:095.397 JLINK_ExecCommand("SetAllowFlashCache = 1", ...). 
TCB2C 000:095.402 - 0.000ms returns 0x01
TCB2C 000:095.406 JLINK_ExecCommand("SetRestartOnClose = 0", ...). 
TCB2C 000:095.412 - 0.000ms returns 0x01
TCB2C 000:095.416 JLINK_ExecCommand("SetAllowSimulation = 0", ...). 
TCB2C 000:095.422 - 0.001ms returns 0x01
TCB2C 000:095.428 JLINK_EnableSoftBPs(ON)
TCB2C 000:095.431 - 0.004ms 
TCB2C 000:095.437 JLINK_Connect()
TCB2C 000:095.911   InitTarget() start
TCB2C 000:095.919    J-Link Script File: Executing InitTarget()
TCB2C 000:095.927   Identifying target device...
TCB2C 000:095.934   SWD selected. Executing JTAG -> SWD switching sequence...
TCB2C 000:096.888   Initializing DAP...
TCB2C 000:099.887   DAP initialized successfully.
TCB2C 000:103.661   Low power mode detected. Waking device from low power mode.
TCB2C 000:111.169   InitTarget() end - Took 15.2ms
TCB2C 000:112.519   Found SW-DP with ID 0x5BA02477
TCB2C 000:117.015   DPIDR: 0x5BA02477
TCB2C 000:117.029   CoreSight SoC-400 or earlier
TCB2C 000:117.082   Scanning AP map to find all available APs
TCB2C 000:119.266   AP[2]: Stopped AP scan as end of AP map has been reached
TCB2C 000:119.279   AP[0]: AHB-AP (IDR: 0x24770011, ADDR: 0x00000000)
TCB2C 000:119.284   AP[1]: APB-AP (IDR: 0x44770002, ADDR: 0x01000000)
TCB2C 000:119.289   Iterating through AP map to find AHB-AP to use
TCB2C 000:121.063   AP[0]: Core found
TCB2C 000:121.073   AP[0]: AHB-AP ROM base: 0xE00FF000
TCB2C 000:122.041   CPUID register: 0x410FC241. Implementer code: 0x41 (ARM)
TCB2C 000:122.058   Found Cortex-M4 r0p1, Little endian.
TCB2C 000:122.908   -- Max. mem block: 0x00001B50
TCB2C 000:124.271   CPU_ReadMem(4 bytes @ 0xE000EDF0)
TCB2C 000:125.068   CPU_ReadMem(4 bytes @ 0xE0002000)
TCB2C 000:125.786   FPUnit: 6 code (BP) slots and 2 literal slots
TCB2C 000:125.799   CPU_ReadMem(4 bytes @ 0xE000EDFC)
TCB2C 000:126.544   CPU_ReadMem(4 bytes @ 0xE0001000)
TCB2C 000:127.319   CPU_WriteMem(4 bytes @ 0xE0001000)
TCB2C 000:128.090   CPU_ReadMem(4 bytes @ 0xE000ED88)
TCB2C 000:128.844   CPU_WriteMem(4 bytes @ 0xE000ED88)
TCB2C 000:129.611   CPU_ReadMem(4 bytes @ 0xE000ED88)
TCB2C 000:130.339   CPU_WriteMem(4 bytes @ 0xE000ED88)
TCB2C 000:131.094   CoreSight components:
TCB2C 000:131.100   ROMTbl[0] @ E00FF000
TCB2C 000:131.107   CPU_ReadMem(64 bytes @ 0xE00FF000)
TCB2C 000:132.613   CPU_ReadMem(32 bytes @ 0xE000EFE0)
TCB2C 000:133.819   [0][0]: E000E000 CID B105E00D PID 000BB00C SCS-M7
TCB2C 000:133.828   CPU_ReadMem(32 bytes @ 0xE0001FE0)
TCB2C 000:134.920   [0][1]: E0001000 CID B105E00D PID 003BB002 DWT
TCB2C 000:134.934   CPU_ReadMem(32 bytes @ 0xE0002FE0)
TCB2C 000:136.019   [0][2]: E0002000 CID B105E00D PID 002BB003 FPB
TCB2C 000:136.034   CPU_ReadMem(32 bytes @ 0xE0000FE0)
TCB2C 000:137.189   [0][3]: E0000000 CID B105E00D PID 003BB001 ITM
TCB2C 000:137.206   CPU_ReadMem(32 bytes @ 0xE0040FE0)
TCB2C 000:138.327   [0][4]: E0040000 CID B105900D PID 000BB9A1 TPIU
TCB2C 000:138.349   CPU_ReadMem(32 bytes @ 0xE0041FE0)
TCB2C 000:139.513   [0][5]: E0041000 CID B105900D PID 000BB925 ETM
TCB2C 000:139.526   CPU_ReadMem(32 bytes @ 0xE0042FE0)
TCB2C 000:140.637   [0][6]: E0042000 CID B105900D PID 002BB908 CSTF
TCB2C 000:140.651   CPU_ReadMem(32 bytes @ 0xE0043FE0)
TCB2C 000:141.847   [0][7]: E0043000 CID B105900D PID 001BB961 TMC
TCB2C 000:141.861   CPU_ReadMem(32 bytes @ 0xE0044FE0)
TCB2C 000:142.969   [0][8]: E0044000 CID B105F00D PID 001BB101 TSG
TCB2C 000:143.016 - 47.578ms returns 0x00
TCB2C 000:143.034 JLINK_Halt()
TCB2C 000:148.172 - 5.137ms returns 0x00
TCB2C 000:148.195 JLINK_IsHalted()
TCB2C 000:148.206 - 0.011ms returns TRUE
TCB2C 000:148.213 JLINK_ResetPullsRESET(ON)
TCB2C 000:148.217 - 0.003ms 
TCB2C 000:148.260 JLINK_Reset()
TCB2C 000:148.290   JLINK_GetResetTypeDesc
TCB2C 000:148.294   - 0.004ms 
TCB2C 000:148.300   Reset type: CONNECT UNDER RESET (https://wiki.segger.com/J-Link_Reset_Strategies)
TCB2C 000:148.308   CPU_WriteMem(4 bytes @ 0xE000EDF0)
TCB2C 000:149.137   CPU_WriteMem(4 bytes @ 0xE000EDFC)
TCB2C 000:149.985   Reset: Halt core after reset via DEMCR.VC_CORERESET.
TCB2C 000:151.089   Reset: Reset device via AIRCR.SYSRESETREQ.
TCB2C 000:151.104   CPU_WriteMem(4 bytes @ 0xE000ED0C)
TCB2C 000:205.614   CPU_ReadMem(4 bytes @ 0xE000EDF0)
TCB2C 000:206.357   CPU_ReadMem(4 bytes @ 0xE000EDF0)
TCB2C 000:207.090   CPU_WriteMem(4 bytes @ 0xE000EDFC)
TCB2C 000:213.474   CPU_ReadMem(4 bytes @ 0xE000EDF0)
TCB2C 000:219.421   CPU_WriteMem(4 bytes @ 0xE0002000)
TCB2C 000:220.268   CPU_ReadMem(4 bytes @ 0xE000EDFC)
TCB2C 000:221.042   CPU_ReadMem(4 bytes @ 0xE0001000)
TCB2C 000:221.821 - 73.560ms 
TCB2C 000:221.891 JLINK_ReadMemEx(0x407FB19C, 0x8 Bytes, Flags = 0x00000004)
TCB2C 000:221.911   CPU_ReadMem(8 bytes @ 0x407FB19C)
TCB2C 000:222.763   Data:  00 70 00 01 00 00 00 00
TCB2C 000:222.777 - 0.886ms returns 8 (0x8)
TCB2C 000:222.797 JLINK_ReadMem(0x01007024, 0x10 Bytes, ...)
TCB2C 000:222.805   CPU_ReadMem(16 bytes @ 0x01007024)
TCB2C 000:223.726   Data:  52 37 46 41 36 4D 33 41 48 33 43 46 43 20 20 20
TCB2C 000:223.747 - 0.950ms returns 0
TCB2C 000:223.759 JLINK_IsHalted()
TCB2C 000:223.764 - 0.005ms returns TRUE
TCB2C 000:223.977 JLINK_MeasureCPUSpeed(RAMAddr = 0xFFFFFFFF)
TCB2C 000:223.985   CPU_ReadMem(16 bytes @ 0x20000000)
TCB2C 000:224.981   CPU_ReadMem(64 bytes @ 0x20000000)
TCB2C 000:227.213    -- Updating C cache (64 bytes @ 0x20000000)
TCB2C 000:227.234    -- Read from C cache (6 bytes @ 0x20000000)
TCB2C 000:227.248   CPU_ReadMem(4 bytes @ 0xE000ED90)
TCB2C 000:227.994   CPU_ReadMem(4 bytes @ 0xE000ED94)
TCB2C 000:228.721   CPU_WriteMem(16 bytes @ 0x20000000)
TCB2C 000:229.676   CPU_WriteMem(6 bytes @ 0x20000000)
TCB2C 000:230.539   CPU_ReadMem(64 bytes @ 0x20000000)
TCB2C 000:232.014    -- Updating C cache (64 bytes @ 0x20000000)
TCB2C 000:232.021    -- Read from C cache (6 bytes @ 0x20000000)
TCB2C 000:232.034   CPU_WriteMem(4 bytes @ 0xE0002008)
TCB2C 000:232.040   CPU_WriteMem(4 bytes @ 0xE000200C)
TCB2C 000:232.045   CPU_WriteMem(4 bytes @ 0xE0002010)
TCB2C 000:232.050   CPU_WriteMem(4 bytes @ 0xE0002014)
TCB2C 000:232.055   CPU_WriteMem(4 bytes @ 0xE0002018)
TCB2C 000:232.060   CPU_WriteMem(4 bytes @ 0xE000201C)
TCB2C 000:244.615   CPU_WriteMem(4 bytes @ 0xE0002008)
TCB2C 000:245.486   CPU_WriteMem(4 bytes @ 0xE000200C)
TCB2C 000:246.254   CPU_WriteMem(4 bytes @ 0xE0002010)
TCB2C 000:247.057   CPU_WriteMem(4 bytes @ 0xE0002014)
TCB2C 000:247.885   CPU_WriteMem(4 bytes @ 0xE0002018)
TCB2C 000:248.780   CPU_WriteMem(4 bytes @ 0xE000201C)
TCB2C 000:278.866   CPU_WriteMem(6 bytes @ 0x20000000)
TCB2C 000:279.735   ClockFreq: 660300 Hz
TCB2C 000:279.743 - 55.764ms returns 660300
TCB2C 000:279.767 JLINK_ReadReg(XPSR)
TCB2C 000:279.774 - 0.006ms returns 0x01000000
T5268 002:769.195 JLINK_ResetPullsRESET(ON)
T5268 002:769.246 - 0.052ms 
T5268 002:769.255 JLINK_Halt()
T5268 002:769.995 - 0.739ms returns 0x00
T5268 002:770.020 JLINK_IsHalted()
T5268 002:770.026 - 0.006ms returns TRUE
T5268 002:770.032 JLINK_Reset()
T5268 002:770.046   JLINK_GetResetTypeDesc
T5268 002:770.050   - 0.004ms 
T5268 002:770.055   Reset type: CONNECT UNDER RESET (https://wiki.segger.com/J-Link_Reset_Strategies)
T5268 002:770.062   CPU_WriteMem(4 bytes @ 0xE000EDF0)
T5268 002:770.979   CPU_WriteMem(4 bytes @ 0xE000EDFC)
T5268 002:771.793   Reset: Halt core after reset via DEMCR.VC_CORERESET.
T5268 002:772.936   Reset: Reset device via AIRCR.SYSRESETREQ.
T5268 002:772.961   CPU_WriteMem(4 bytes @ 0xE000ED0C)
T5268 002:827.444   CPU_ReadMem(4 bytes @ 0xE000EDF0)
T5268 002:828.219   CPU_ReadMem(4 bytes @ 0xE000EDF0)
T5268 002:828.999   CPU_WriteMem(4 bytes @ 0xE000EDFC)
T5268 002:836.078   CPU_ReadMem(4 bytes @ 0xE000EDF0)
T5268 002:842.024   CPU_WriteMem(4 bytes @ 0xE0002000)
T5268 002:842.892   CPU_ReadMem(4 bytes @ 0xE000EDFC)
T5268 002:843.608   CPU_ReadMem(4 bytes @ 0xE0001000)
T5268 002:844.513 - 74.481ms 
T5268 002:844.533 JLINK_SetEndian(ARM_ENDIAN_LITTLE)
T5268 002:844.537 - 0.004ms returns 0
T5268 002:844.650 JLINK_BeginDownload(Flags = 0x00000000)
T5268 002:844.654 - 0.005ms 
T5268 002:865.496 JLINK_WriteMem(0x00000000, 0x58 Bytes, ...)
T5268 002:865.524   Data:  20 04 FE 1F 11 1D 00 00 E9 1B 00 00 21 1D 00 00 ...
T5268 002:865.831   completely In flash
T5268 002:865.841 - 0.345ms returns 0x58
T5268 002:866.008 JLINK_WriteMem(0x00000058, 0xA4 Bytes, ...)
T5268 002:866.024   Data:  03 00 00 00 68 00 00 00 07 00 00 00 8C 00 00 00 ...
T5268 002:866.034   completely In flash
T5268 002:866.040 - 0.031ms returns 0xA4
T5268 002:866.355 JLINK_WriteMem(0x00000400, 0x4 Bytes, ...)
T5268 002:866.375   Data:  FF FF FF FF
T5268 002:866.387   completely In flash
T5268 002:866.397 - 0.042ms returns 0x4
T5268 002:866.629 JLINK_WriteMem(0x00000404, 0x4 Bytes, ...)
T5268 002:866.640   Data:  FF FD FF FF
T5268 002:866.650   completely In flash
T5268 002:866.659 - 0.029ms returns 0x4
T5268 002:866.828 JLINK_WriteMem(0x00000440, 0x1A Bytes, ...)
T5268 002:866.842   Data:  28 00 0A 00 AA 00 00 F0 00 00 00 00 00 00 20 00 ...
T5268 002:866.849   completely In flash
T5268 002:866.864 - 0.036ms returns 0x1A
T5268 002:867.065 JLINK_WriteMem(0x0000045C, 0xBC4 Bytes, ...)
T5268 002:867.072   Data:  02 46 90 F8 26 00 13 6A 52 F8 20 C0 A3 EB 0C 03 ...
T5268 002:867.080   completely In flash
T5268 002:867.086 - 0.021ms returns 0xBC4
T5268 002:867.347 JLINK_WriteMem(0x00001020, 0xBC0 Bytes, ...)
T5268 002:867.369   Data:  91 42 08 BF 70 47 C2 68 42 B1 90 F8 20 30 10 2B ...
T5268 002:867.387   completely In flash
T5268 002:867.400 - 0.052ms returns 0xBC0
T5268 002:867.581 JLINK_WriteMem(0x00001BE0, 0x70E Bytes, ...)
T5268 002:867.596   Data:  01 38 00 28 FC D1 70 47 F0 B5 03 AF 2D E9 00 0B ...
T5268 002:867.609   completely In flash
T5268 002:867.618 - 0.037ms returns 0x70E
T5268 002:880.510 JLINK_EndDownload()
T5268 002:881.113   HandleBeforeFlashProg() start
T5268 002:881.143    J-Link Script File: Executing HandleBeforeFlashProg()
T5268 002:881.159   CPU_ReadMem(2 bytes @ 0x40000D04)
T5268 002:881.964   CPU_ReadMem(2 bytes @ 0x40000D14)
T5268 002:882.693   HandleBeforeFlashProg() end - Took 1.54ms
T5268 002:882.711   CPU_ReadMem(4 bytes @ 0xE000ED90)
T5268 002:883.488   CPU_ReadMem(4 bytes @ 0xE000ED94)
T5268 002:884.232    -- --------------------------------------
T5268 002:884.243    -- Flash bank @ 0x00000000: Default: L2 verify disabled because algorithm performs L1 verify
T5268 002:884.249    -- Start of determining dirty areas in flash cache
T5268 002:884.256    -- Filling invalid ranges in sector buffer (flash cache) for sector @ 0x00000000 if necessary
T5268 002:884.263    -- Filling invalid ranges in sector buffer (flash cache) for sector @ 0x00002000 if necessary
T5268 002:884.484    -- End of determining dirty areas
T5268 002:884.492    -- Start of preparing flash programming
T5268 002:884.498    -- Calculating RAM usage
T5268 002:884.571    -- RAM usage = 3476 Bytes
T5268 002:884.576    -- Preserving CPU registers
T5268 002:884.598    -- Determining CPU clock frequency
T5268 002:933.745    -- Preparing target
T5268 002:933.770    -- Preserving target RAM temporarily used for programming
T5268 002:974.225    -- Downloading RAMCode
T5268 003:021.473    -- Preparing RAMCode
T5268 003:034.933    -- CPU frequency = 100000 kHz
T5268 003:034.953    -- End of preparing flash programming
T5268 003:040.284    -- CPU is running at 100000 kHz.
T5268 003:040.326    -- Start of comparing flash
T5268 003:040.341    -- CRC check was estimated as fastest method
T5268 003:075.058    -- Comparing range 0x0000 - 0x3FFF (2 Sectors, 16 KB), using multi-block CRC calculation
T5268 003:084.115    -- CRC does not match for sectors 0-1
T5268 003:084.147    -- End of comparing flash
T5268 003:084.160    -- Start of erasing sectors
T5268 003:084.171    -- Erasing range 0x00000000 - 0x00003FFF (  2 Sectors, 16 KB)
T5268 003:164.447    -- End of erasing sectors
T5268 003:164.478    -- Start of flash programming
T5268 003:164.491    -- Programming range 0x00000000 - 0x00003FFF (  2 Sectors, 16 KB)
T5268 003:305.100    -- End of flash programming
T5268 003:305.126    -- 0x0000 - 0x3FFF (  2 Sectors, 16 KB)
T5268 003:305.133    -- Start of restoring
T5268 003:305.139    -- Restoring RAMCode
T5268 003:322.596    -- Restoring target memory
T5268 003:358.322    -- Restore target
T5268 003:358.340    -- Restoring CPU registers
T5268 003:358.357    -- End of restoring
T5268 003:358.366    -- Bank 1 @ 0x00000000: 1 range affected (16384 bytes)
T5268 003:358.373    -- Total: 0.473s (Prepare: 0.155s, Compare: 0.043s, Erase: 0.080s, Program & Verify: 0.151s, Restore: 0.042s)
T5268 003:358.380    -- Program & Verify speed: 105 KB/s
T5268 003:372.499   HandleAfterFlashProg() start
T5268 003:372.522    J-Link Script File: Executing HandleAfterFlashProg()
T5268 003:372.531   HandleAfterFlashProg() end - Took 8us
T5268 003:373.039 - 492.528ms returns 16384 (0x4000)
T5268 003:374.661 JLINK_WriteReg(R15 (PC), 0x00001D10)
T5268 003:374.676 - 0.015ms returns 0
T5268 003:374.682 JLINK_WriteReg(XPSR, 0x01000000)
T5268 003:374.687 - 0.004ms returns 0
T5268 003:375.207 JLINK_ResetPullsRESET(ON)
T5268 003:375.223 - 0.016ms 
T5268 003:375.229 JLINK_Halt()
T5268 003:375.926 - 0.696ms returns 0x00
T5268 003:375.937 JLINK_IsHalted()
T5268 003:375.942 - 0.005ms returns TRUE
T5268 003:375.948 JLINK_Reset()
T5268 003:375.959   JLINK_GetResetTypeDesc
T5268 003:375.963   - 0.004ms 
T5268 003:375.968   Reset type: CONNECT UNDER RESET (https://wiki.segger.com/J-Link_Reset_Strategies)
T5268 003:375.974   CPU_WriteMem(4 bytes @ 0xE000EDF0)
T5268 003:376.727   CPU_WriteMem(4 bytes @ 0xE000EDFC)
T5268 003:377.502   Reset: Halt core after reset via DEMCR.VC_CORERESET.
T5268 003:378.570   Reset: Reset device via AIRCR.SYSRESETREQ.
T5268 003:378.582   CPU_WriteMem(4 bytes @ 0xE000ED0C)
T5268 003:434.138   CPU_ReadMem(4 bytes @ 0xE000EDF0)
T5268 003:434.958   CPU_ReadMem(4 bytes @ 0xE000EDF0)
T5268 003:435.882   CPU_WriteMem(4 bytes @ 0xE000EDFC)
T5268 003:442.552   CPU_ReadMem(4 bytes @ 0xE000EDF0)
T5268 003:448.723   CPU_WriteMem(4 bytes @ 0xE0002000)
T5268 003:449.538   CPU_ReadMem(4 bytes @ 0xE000EDFC)
T5268 003:450.353   CPU_ReadMem(4 bytes @ 0xE0001000)
T5268 003:451.334 - 75.386ms 
T5268 003:451.347 JLINK_SetEndian(ARM_ENDIAN_LITTLE)
T5268 003:451.351 - 0.003ms returns 0
T5268 003:480.656 JLINK_ReadMem(0x00001D10, 0x4 Bytes, ...)
T5268 003:480.701    -- Read from flash cache (4 bytes @ 0x00001D10)
T5268 003:480.716   Data:  80 B5 6F 46
T5268 003:480.732 - 0.076ms returns 0
T5268 003:506.490 JLINK_ReadMem(0x00001D10, 0x4 Bytes, ...)
T5268 003:506.521    -- Read from flash cache (4 bytes @ 0x00001D10)
T5268 003:506.527   Data:  80 B5 6F 46
T5268 003:506.534 - 0.044ms returns 0
T5268 004:178.207 JLINK_ReadMem(0x1FFE0000, 0x2 Bytes, ...)
T5268 004:178.261   CPU_ReadMem(2 bytes @ 0x1FFE0000)
T5268 004:179.029   Data:  02 00
T5268 004:179.048 - 0.842ms returns 0
T5268 004:395.884 JLINK_GetNumBPUnits(Type = 0xFFFFFF00)
T5268 004:395.919 - 0.035ms returns 0x06
T5268 004:395.924 JLINK_GetNumWPUnits()
T5268 004:395.928 - 0.003ms returns 4
T5268 004:395.932 JLINK_GetNumWPUnits()
T5268 004:395.936 - 0.003ms returns 4
T5268 004:395.943 JLINK_GetNumBPUnits(Type = 0xFFFFFF00)
T5268 004:395.946 - 0.003ms returns 0x06
T5268 004:395.950 JLINK_GetNumWPUnits()
T5268 004:395.954 - 0.003ms returns 4
T5268 004:395.958 JLINK_GetNumWPUnits()
T5268 004:395.961 - 0.003ms returns 4
T5268 004:395.967 JLINK_GetNumBPUnits(Type = 0xFFFFFF00)
T5268 004:395.971 - 0.003ms returns 0x06
T5268 004:395.975 JLINK_GetNumWPUnits()
T5268 004:395.978 - 0.003ms returns 4
T5268 004:395.982 JLINK_GetNumWPUnits()
T5268 004:395.985 - 0.003ms returns 4
T5268 004:396.020 JLINK_SetBPEx(Addr = 0x00000ADC, Type = 0xFFFFFF00)
T5268 004:396.028 - 0.008ms returns 0x00000001
T5268 004:396.034 JLINK_ClrBPEx(BPHandle = 0x00000001)
T5268 004:396.846 - 0.811ms returns 0x00
T5268 004:420.114 JLINK_ReadMem(0x00000AE0, 0x2 Bytes, ...)
T5268 004:420.159    -- Read from flash cache (2 bytes @ 0x00000AE0)
T5268 004:420.169   Data:  FF F7
T5268 004:420.180 - 0.066ms returns 0
T5268 004:420.530 JLINK_SetBPEx(Addr = 0x00000AE0, Type = 0xFFFFFF00)
T5268 004:420.554 - 0.024ms returns 0x00000002
T5268 004:986.839 JLINK_ReadRegs(NumRegs = 20)
T5268 004:986.875   
  R0 (0)        = 0x20000904           R1 (1)        = 0x2200               R2 (2)        = 0x00                 R3 (3)        = 0x4001C11C        
  R4 (4)        = 0x20000904           R5 (5)        = 0x2000095C           R6 (6)        = 0x2000095C           R7 (7)        = 0x1FFE1D68        
  R8 (8)        = 0x1FFE1D48           R9 (9)        = 0x1FFE1D77           R10 (10)      = 0x00                 R11 (11)      = 0x00              
  R12 (12)      = 0x20000888           R13 (SP) (13) = 0x1FFE0420           R14 (14)      = 0xFFFFFFFF           R15 (PC) (15) = 0x1D10            
  XPSR (16)     = 0x1000000            MSP (17)      = 0x1FFE0420           PSP (18)      = 0x1FFE1D38           CFBP (20)     = 0x00              
T5268 004:986.883 - 0.044ms returns 0x00
T5268 004:987.535 JLINK_ReadMem(0x00001D10, 0x4 Bytes, ...)
T5268 004:987.595    -- Read from flash cache (4 bytes @ 0x00001D10)
T5268 004:987.625   Data:  80 B5 6F 46
T5268 004:987.649 - 0.114ms returns 0
T6810 005:656.123 JLINK_GetNumBPUnits(Type = 0xFFFFFF00)
T6810 005:656.148 - 0.025ms returns 0x06
T6810 005:656.153 JLINK_GetNumWPUnits()
T6810 005:656.157 - 0.003ms returns 4
T6810 005:656.161 JLINK_GetNumWPUnits()
T6810 005:656.165 - 0.003ms returns 4
T6810 005:656.358 JLINK_GetNumBPUnits(Type = 0xFFFFFF00)
T6810 005:656.375 - 0.016ms returns 0x06
T6810 005:656.379 JLINK_GetNumWPUnits()
T6810 005:656.383 - 0.003ms returns 4
T6810 005:656.388 JLINK_GetNumWPUnits()
T6810 005:656.392 - 0.004ms returns 4
T6810 005:656.533 JLINK_GetNumBPUnits(Type = 0xFFFFFF00)
T6810 005:656.539 - 0.006ms returns 0x06
T6810 005:656.543 JLINK_GetNumWPUnits()
T6810 005:656.547 - 0.003ms returns 4
T6810 005:656.551 JLINK_GetNumWPUnits()
T6810 005:656.555 - 0.003ms returns 4
T6810 005:656.758 JLINK_GetNumBPUnits(Type = 0xFFFFFF00)
T6810 005:656.773 - 0.015ms returns 0x06
T6810 005:656.777 JLINK_GetNumWPUnits()
T6810 005:656.781 - 0.003ms returns 4
T6810 005:656.785 JLINK_GetNumWPUnits()
T6810 005:656.789 - 0.003ms returns 4
T6810 005:656.979 JLINK_GetNumBPUnits(Type = 0xFFFFFF00)
T6810 005:656.986 - 0.007ms returns 0x06
T6810 005:656.991 JLINK_GetNumWPUnits()
T6810 005:656.994 - 0.003ms returns 4
T6810 005:656.998 JLINK_GetNumWPUnits()
T6810 005:657.001 - 0.003ms returns 4
T6810 005:657.304 JLINK_GetNumBPUnits(Type = 0xFFFFFF00)
T6810 005:657.317 - 0.013ms returns 0x06
T6810 005:657.321 JLINK_GetNumWPUnits()
T6810 005:657.325 - 0.003ms returns 4
T6810 005:657.330 JLINK_GetNumWPUnits()
T6810 005:657.333 - 0.003ms returns 4
T6810 005:657.651 JLINK_GetNumBPUnits(Type = 0xFFFFFF00)
T6810 005:657.664 - 0.013ms returns 0x06
T6810 005:657.669 JLINK_GetNumWPUnits()
T6810 005:657.673 - 0.003ms returns 4
T6810 005:657.677 JLINK_GetNumWPUnits()
T6810 005:657.681 - 0.003ms returns 4
T6810 005:658.261 JLINK_GetNumBPUnits(Type = 0xFFFFFF00)
T6810 005:658.306 - 0.045ms returns 0x06
T6810 005:658.325 JLINK_GetNumWPUnits()
T6810 005:658.341 - 0.015ms returns 4
T6810 005:658.358 JLINK_GetNumWPUnits()
T6810 005:658.374 - 0.015ms returns 4
T5268 005:661.899 JLINK_ReadMem(0x00001D10, 0x4 Bytes, ...)
T5268 005:661.929    -- Read from flash cache (4 bytes @ 0x00001D10)
T5268 005:661.935   Data:  80 B5 6F 46
T5268 005:661.943 - 0.043ms returns 0
T5268 006:034.853 JLINK_ReadMem(0x1FFE0000, 0x2 Bytes, ...)
T5268 006:034.901   CPU_ReadMem(2 bytes @ 0x1FFE0000)
T5268 006:035.712   Data:  02 00
T5268 006:035.731 - 0.878ms returns 0
T5268 008:732.465 JLINK_STRACE_Read(..., NumItems = 0x10000)
T5268 008:732.526   Initializing trace type buffer with configured Coresight trace components (* indicates set/detected address):
T5268 008:732.539    *TF:   0xE0042000
T5268 008:732.549    *TMC:  0xE0043000
T5268 008:732.558     ETB:  0x00000000
T5268 008:732.567     MTB:  0x00000000
T5268 008:732.576    *TPIU: 0xE0040000
T5268 008:732.585    *ETM:  0xE0041000
T5268 008:732.594     STM:  0x00000000
T5268 008:732.602     PTM:  0x00000000
T5268 008:733.275 - 0.810ms NumItemsRead = 0x00
T5268 008:733.318 JLINK_IsHalted()
T5268 008:734.106 - 0.788ms returns TRUE
T5268 008:734.122 JLINK_STRACE_Read(..., NumItems = 0x10000)
T5268 008:734.126 - 0.005ms NumItemsRead = 0x00
T5268 008:734.133 JLINK_GoEx(MaxEmulInsts = 0, Flags = 0x01)
T5268 008:734.148   CPU_WriteMem(4 bytes @ 0xE0002000)
T5268 008:735.010   CPU_ReadMem(4 bytes @ 0xE0001000)
T5268 008:735.787   CPU_WriteMem(4 bytes @ 0xE0002008)
T5268 008:735.818   CPU_WriteMem(4 bytes @ 0xE000200C)
T5268 008:735.830   CPU_WriteMem(4 bytes @ 0xE0002010)
T5268 008:735.841   CPU_WriteMem(4 bytes @ 0xE0002014)
T5268 008:735.852   CPU_WriteMem(4 bytes @ 0xE0002018)
T5268 008:735.863   CPU_WriteMem(4 bytes @ 0xE000201C)
T5268 008:738.987   CPU_WriteMem(4 bytes @ 0xE0001004)
T5268 008:740.798   Memory map 'after startup completion point' is active
T5268 008:740.814 - 6.681ms 
T5268 008:812.008 JLINK_ReadMem(0x1FFE0000, 0x2 Bytes, ...)
T5268 008:812.059   CPU_ReadMem(2 bytes @ 0x1FFE0000)
T5268 008:812.886   Data:  28 00
T5268 008:812.894 - 0.886ms returns 0
T5268 008:834.635 JLINK_IsHalted()
T5268 008:839.867 - 5.231ms returns TRUE
T5268 008:839.884 JLINK_ReadReg(XPSR)
T5268 008:839.890 - 0.006ms returns 0x61000000
T5268 008:839.895 JLINK_ReadReg(R15 (PC))
T5268 008:839.899 - 0.003ms returns 0x00000AE0
T5268 008:839.905 JLINK_ReadReg(XPSR)
T5268 008:839.909 - 0.004ms returns 0x61000000
T5268 008:839.914 JLINK_ReadReg(XPSR)
T5268 008:839.917 - 0.003ms returns 0x61000000
T5268 008:839.921 JLINK_ReadReg(R15 (PC))
T5268 008:839.924 - 0.003ms returns 0x00000AE0
T5268 008:839.929 JLINK_ReadReg(XPSR)
T5268 008:839.932 - 0.003ms returns 0x61000000
T5268 008:839.936 JLINK_ReadReg(XPSR)
T5268 008:839.940 - 0.003ms returns 0x61000000
T5268 008:839.946 JLINK_ReadMem(0x00000AE0, 0x1 Bytes, ...)
T5268 008:839.952    -- Read from flash cache (1 bytes @ 0x00000AE0)
T5268 008:839.958   Data:  FF
T5268 008:839.964 - 0.018ms returns 0
T5268 008:839.970 JLINK_IsHalted()
T5268 008:839.973 - 0.003ms returns TRUE
T5268 008:839.978 JLINK_ReadReg(XPSR)
T5268 008:839.982 - 0.003ms returns 0x61000000
T5268 008:839.986 JLINK_ReadReg(XPSR)
T5268 008:839.990 - 0.003ms returns 0x61000000
T5268 008:839.994 JLINK_ReadReg(R15 (PC))
T5268 008:839.998 - 0.003ms returns 0x00000AE0
T5268 008:840.002 JLINK_ReadReg(XPSR)
T5268 008:840.006 - 0.003ms returns 0x61000000
T5268 008:840.010 JLINK_ReadReg(XPSR)
T5268 008:840.014 - 0.004ms returns 0x61000000
T5268 008:840.019 JLINK_ReadMem(0x00000AE0, 0x1 Bytes, ...)
T5268 008:840.023    -- Read from flash cache (1 bytes @ 0x00000AE0)
T5268 008:840.029   Data:  FF
T5268 008:840.034 - 0.015ms returns 0
T5268 008:840.081 JLINK_IsHalted()
T5268 008:840.085 - 0.004ms returns TRUE
T5268 008:840.090 JLINK_ReadReg(XPSR)
T5268 008:840.094 - 0.003ms returns 0x61000000
T5268 008:840.098 JLINK_ReadReg(R15 (PC))
T5268 008:840.102 - 0.003ms returns 0x00000AE0
T5268 008:840.106 JLINK_ReadReg(XPSR)
T5268 008:840.110 - 0.003ms returns 0x61000000
T5268 008:840.114 JLINK_ReadReg(XPSR)
T5268 008:840.118 - 0.004ms returns 0x61000000
T5268 008:840.123 JLINK_ReadReg(R15 (PC))
T5268 008:840.127 - 0.003ms returns 0x00000AE0
T5268 008:840.131 JLINK_ReadReg(XPSR)
T5268 008:840.135 - 0.003ms returns 0x61000000
T5268 008:840.139 JLINK_ReadReg(XPSR)
T5268 008:840.143 - 0.003ms returns 0x61000000
T5268 008:840.148 JLINK_ReadMem(0x00000AE0, 0x1 Bytes, ...)
T5268 008:840.152    -- Read from flash cache (1 bytes @ 0x00000AE0)
T5268 008:840.157   Data:  FF
T5268 008:840.162 - 0.015ms returns 0
T5268 008:840.167 JLINK_IsHalted()
T5268 008:840.171 - 0.003ms returns TRUE
T5268 008:840.175 JLINK_ReadReg(XPSR)
T5268 008:840.179 - 0.003ms returns 0x61000000
T5268 008:840.183 JLINK_ReadReg(XPSR)
T5268 008:840.187 - 0.003ms returns 0x61000000
T5268 008:840.191 JLINK_ReadReg(R15 (PC))
T5268 008:840.195 - 0.003ms returns 0x00000AE0
T5268 008:840.200 JLINK_ReadReg(XPSR)
T5268 008:840.203 - 0.003ms returns 0x61000000
T5268 008:840.208 JLINK_ReadReg(XPSR)
T5268 008:840.212 - 0.003ms returns 0x61000000
T5268 008:840.216 JLINK_ReadMem(0x00000AE0, 0x1 Bytes, ...)
T5268 008:840.220    -- Read from flash cache (1 bytes @ 0x00000AE0)
T5268 008:840.226   Data:  FF
T5268 008:840.231 - 0.015ms returns 0
T5268 008:840.726 JLINK_ReadRegs(NumRegs = 20)
T5268 008:840.740   
  R0 (0)        = 0x00                 R1 (1)        = 0x2284               R2 (2)        = 0x40006300           R3 (3)        = 0x1BF             
  R4 (4)        = 0x20000904           R5 (5)        = 0x2000095C           R6 (6)        = 0x2000095C           R7 (7)        = 0x1FFE0410        
  R8 (8)        = 0x1FFE1D48           R9 (9)        = 0x1FFE1D77           R10 (10)      = 0x00                 R11 (11)      = 0x00              
  R12 (12)      = 0x1FFE0654           R13 (SP) (13) = 0x1FFE0410           R14 (14)      = 0x1D1D               R15 (PC) (15) = 0xAE0             
  XPSR (16)     = 0x61000000           MSP (17)      = 0x1FFE0410           PSP (18)      = 0x1FFE1D38           CFBP (20)     = 0x00              
T5268 008:840.750 - 0.024ms returns 0x00
T5268 008:841.572 JLINK_ReadMem(0x00000AE0, 0x4 Bytes, ...)
T5268 008:841.587    -- Read from flash cache (4 bytes @ 0x00000AE0)
T5268 008:841.593   Data:  FF F7 28 FD
T5268 008:841.598 - 0.026ms returns 0
T5268 008:842.110 JLINK_ClrBPEx(BPHandle = 0x00000002)
T5268 008:842.125 - 0.014ms returns 0x00
T5268 008:858.251 JLINK_ReadMem(0x00000AE0, 0x4 Bytes, ...)
T5268 008:858.286    -- Read from flash cache (4 bytes @ 0x00000AE0)
T5268 008:858.292   Data:  FF F7 28 FD
T5268 008:858.298 - 0.047ms returns 0
T5268 008:998.242 JLINK_ReadMem(0x1FFE0000, 0x2 Bytes, ...)
T5268 008:998.285   CPU_ReadMem(2 bytes @ 0x1FFE0000)
T5268 008:999.186   Data:  28 00
T5268 008:999.204 - 0.962ms returns 0
T6810 009:843.349 JLINK_IsHalted()
T6810 009:844.382 - 1.031ms returns TRUE
T6810 009:844.426 JLINK_ReadReg(XPSR)
T6810 009:844.436 - 0.010ms returns 0x61000000
T6810 009:844.443 JLINK_ReadReg(R15 (PC))
T6810 009:844.450 - 0.006ms returns 0x00000AE0
T6810 009:844.459 JLINK_ReadReg(XPSR)
T6810 009:844.465 - 0.005ms returns 0x61000000
T6810 009:844.472 JLINK_ReadReg(XPSR)
T6810 009:844.478 - 0.005ms returns 0x61000000
T6810 009:844.484 JLINK_ReadReg(R15 (PC))
T6810 009:844.490 - 0.005ms returns 0x00000AE0
T6810 009:844.497 JLINK_ReadReg(XPSR)
T6810 009:844.502 - 0.005ms returns 0x61000000
T6810 009:844.509 JLINK_ReadReg(XPSR)
T6810 009:844.515 - 0.005ms returns 0x61000000
T6810 009:844.522 JLINK_ReadMem(0x00000AE0, 0x1 Bytes, ...)
T6810 009:844.532    -- Read from flash cache (1 bytes @ 0x00000AE0)
T6810 009:844.542   Data:  FF
T6810 009:844.550 - 0.028ms returns 0
T6810 009:844.558 JLINK_IsHalted()
T6810 009:844.564 - 0.005ms returns TRUE
T6810 009:844.571 JLINK_ReadReg(XPSR)
T6810 009:844.578 - 0.005ms returns 0x61000000
T6810 009:844.584 JLINK_ReadReg(XPSR)
T6810 009:844.589 - 0.005ms returns 0x61000000
T6810 009:844.596 JLINK_ReadReg(R15 (PC))
T6810 009:844.602 - 0.005ms returns 0x00000AE0
T6810 009:844.608 JLINK_ReadReg(XPSR)
T6810 009:844.614 - 0.005ms returns 0x61000000
T6810 009:844.620 JLINK_ReadReg(XPSR)
T6810 009:844.626 - 0.005ms returns 0x61000000
T6810 009:844.633 JLINK_ReadMem(0x00000AE0, 0x1 Bytes, ...)
T6810 009:844.639    -- Read from flash cache (1 bytes @ 0x00000AE0)
T6810 009:844.647   Data:  FF
T6810 009:844.655 - 0.022ms returns 0
T6810 009:844.699 JLINK_ReadMem(0xE0001000, 0x4 Bytes, ...)
T6810 009:844.712   CPU_ReadMem(4 bytes @ 0xE0001000)
T6810 009:845.485   Data:  01 00 00 40
T6810 009:845.495   Debug reg: DWT_CTRL
T6810 009:845.504 - 0.805ms returns 0
T6810 009:845.518 JLINK_WriteMem(0xE0001FB0, 0x8 Bytes, ...)
T6810 009:845.523   Data:  00 00 00 00 55 CE AC C5
T6810 009:845.902   CPU_WriteMem(8 bytes @ 0xE0001FB0)
T6810 009:846.876 - 1.357ms returns 0x8
T6810 009:846.910 JLINK_ReadMem(0xE000EDFC, 0x4 Bytes, ...)
T6810 009:846.925   CPU_ReadMem(4 bytes @ 0xE000EDFC)
T6810 009:847.768   Data:  00 00 00 01
T6810 009:847.778   Debug reg: DEMCR
T6810 009:847.784 - 0.875ms returns 0
T6810 009:848.129 JLINK_ReadMem(0xE0001004, 0x4 Bytes, ...)
T6810 009:848.135   CPU_ReadMem(4 bytes @ 0xE0001004)
T6810 009:848.949   Data:  78 C1 01 00
T6810 009:848.965   Debug reg: DWT_CYCCNT
T6810 009:848.978 - 0.848ms returns 0
T5268 009:940.713 JLINK_STRACE_Read(..., NumItems = 0x10000)
T5268 009:940.754 - 0.040ms NumItemsRead = 0x00
T5268 009:941.026 JLINK_ReadMem(0xE0001004, 0x4 Bytes, ...)
T5268 009:941.052   Data:  78 C1 01 00
T5268 009:941.059   Debug reg: DWT_CYCCNT
T5268 009:941.065 - 0.039ms returns 0
T5268 009:941.071 JLINK_IsHalted()
T5268 009:941.075 - 0.003ms returns TRUE
T5268 009:941.126 JLINK_STRACE_Read(..., NumItems = 0x10000)
T5268 009:941.138 - 0.011ms NumItemsRead = 0x00
T5268 009:941.549 JLINK_ReadMem(0xE0001004, 0x4 Bytes, ...)
T5268 009:941.566   Data:  78 C1 01 00
T5268 009:941.579   Debug reg: DWT_CYCCNT
T5268 009:941.591 - 0.042ms returns 0
T5268 009:941.602 JLINK_GoEx(MaxEmulInsts = 0, Flags = 0x01)
T5268 009:941.619   CPU_ReadMem(4 bytes @ 0xE0001000)
T5268 009:942.503   CPU_WriteMem(4 bytes @ 0xE0002008)
T5268 009:944.353 - 2.751ms 
T5268 010:053.030 JLINK_IsHalted()
T5268 010:053.891 - 0.860ms returns FALSE
T5268 010:053.910 JLINK_IsHalted()
T5268 010:054.729 - 0.818ms returns FALSE
T5268 010:162.547 JLINK_IsHalted()
T5268 010:163.436 - 0.888ms returns FALSE
T5268 010:163.443 JLINK_IsHalted()
T5268 010:164.158 - 0.715ms returns FALSE
T5268 010:271.728 JLINK_IsHalted()
T5268 010:272.653 - 0.924ms returns FALSE
T5268 010:272.662 JLINK_IsHalted()
T5268 010:273.383 - 0.720ms returns FALSE
T5268 010:381.710 JLINK_IsHalted()
T5268 010:382.582 - 0.872ms returns FALSE
T5268 010:382.592 JLINK_IsHalted()
T5268 010:383.303 - 0.710ms returns FALSE
T5268 010:490.946 JLINK_IsHalted()
T5268 010:491.780 - 0.833ms returns FALSE
T5268 010:491.788 JLINK_IsHalted()
T5268 010:492.542 - 0.753ms returns FALSE
T5268 010:600.470 JLINK_IsHalted()
T5268 010:601.515 - 1.044ms returns FALSE
T5268 010:601.546 JLINK_IsHalted()
T5268 010:602.313 - 0.766ms returns FALSE
T5268 010:708.982 JLINK_IsHalted()
T5268 010:709.938 - 0.956ms returns FALSE
T5268 010:709.954 JLINK_IsHalted()
T5268 010:710.743 - 0.788ms returns FALSE
T5268 010:818.498 JLINK_IsHalted()
T5268 010:819.380 - 0.881ms returns FALSE
T5268 010:819.395 JLINK_IsHalted()
T5268 010:820.146 - 0.750ms returns FALSE
T5268 010:928.582 JLINK_IsHalted()
T5268 010:929.504 - 0.920ms returns FALSE
T5268 010:929.520 JLINK_IsHalted()
T5268 010:930.284 - 0.762ms returns FALSE
T6810 010:943.779 JLINK_IsHalted()
T6810 010:944.598 - 0.818ms returns FALSE
T6810 010:944.606 JLINK_IsHalted()
T6810 010:945.358 - 0.752ms returns FALSE
T5268 011:037.368 JLINK_IsHalted()
T5268 011:038.295 - 0.926ms returns FALSE
T5268 011:038.307 JLINK_IsHalted()
T5268 011:039.058 - 0.749ms returns FALSE
T5268 011:147.018 JLINK_IsHalted()
T5268 011:147.910 - 0.891ms returns FALSE
T5268 011:147.922 JLINK_IsHalted()
T5268 011:148.750 - 0.828ms returns FALSE
T5268 011:256.705 JLINK_IsHalted()
T5268 011:257.627 - 0.923ms returns FALSE
T5268 011:257.637 JLINK_IsHalted()
T5268 011:258.390 - 0.752ms returns FALSE
T5268 011:365.222 JLINK_IsHalted()
T5268 011:366.146 - 0.924ms returns FALSE
T5268 011:366.157 JLINK_IsHalted()
T5268 011:366.882 - 0.724ms returns FALSE
T5268 011:474.949 JLINK_IsHalted()
T5268 011:475.806 - 0.857ms returns FALSE
T5268 011:475.814 JLINK_IsHalted()
T5268 011:476.524 - 0.710ms returns FALSE
T5268 011:584.607 JLINK_IsHalted()
T5268 011:585.674 - 1.067ms returns FALSE
T5268 011:585.691 JLINK_IsHalted()
T5268 011:586.453 - 0.760ms returns FALSE
T5268 011:693.936 JLINK_IsHalted()
T5268 011:694.810 - 0.874ms returns FALSE
T5268 011:694.822 JLINK_IsHalted()
T5268 011:695.545 - 0.722ms returns FALSE
T5268 011:803.569 JLINK_IsHalted()
T5268 011:804.388 - 0.819ms returns FALSE
T5268 011:804.395 JLINK_IsHalted()
T5268 011:805.126 - 0.730ms returns FALSE
T5268 011:912.666 JLINK_IsHalted()
T5268 011:913.450 - 0.783ms returns FALSE
T5268 011:913.462 JLINK_IsHalted()
T5268 011:914.263 - 0.801ms returns FALSE
T6810 011:944.842 JLINK_IsHalted()
T6810 011:945.726 - 0.884ms returns FALSE
T6810 011:945.734 JLINK_IsHalted()
T6810 011:946.463 - 0.728ms returns FALSE
T5268 012:021.558 JLINK_IsHalted()
T5268 012:022.562 - 1.003ms returns FALSE
T5268 012:022.589 JLINK_IsHalted()
T5268 012:023.317 - 0.727ms returns FALSE
T5268 012:131.792 JLINK_IsHalted()
T5268 012:132.758 - 0.964ms returns FALSE
T5268 012:132.790 JLINK_IsHalted()
T5268 012:133.512 - 0.723ms returns FALSE
T5268 012:240.926 JLINK_IsHalted()
T5268 012:241.855 - 0.929ms returns FALSE
T5268 012:241.869 JLINK_IsHalted()
T5268 012:242.598 - 0.729ms returns FALSE
T5268 012:349.672 JLINK_IsHalted()
T5268 012:351.117 - 1.444ms returns FALSE
T5268 012:351.159 JLINK_IsHalted()
T5268 012:352.024 - 0.863ms returns FALSE
T5268 012:459.552 JLINK_IsHalted()
T5268 012:460.429 - 0.876ms returns FALSE
T5268 012:460.472 JLINK_IsHalted()
T5268 012:461.293 - 0.820ms returns FALSE
T5268 012:569.087 JLINK_IsHalted()
T5268 012:569.963 - 0.874ms returns FALSE
T5268 012:569.986 JLINK_IsHalted()
T5268 012:570.899 - 0.912ms returns FALSE
T5268 012:677.874 JLINK_IsHalted()
T5268 012:678.965 - 1.089ms returns FALSE
T5268 012:679.013 JLINK_IsHalted()
T5268 012:679.803 - 0.791ms returns FALSE
T5268 012:787.756 JLINK_IsHalted()
T5268 012:788.691 - 0.934ms returns FALSE
T5268 012:788.706 JLINK_IsHalted()
T5268 012:789.579 - 0.872ms returns FALSE
T5268 012:896.621 JLINK_IsHalted()
T5268 012:897.567 - 0.945ms returns FALSE
T5268 012:897.604 JLINK_IsHalted()
T5268 012:898.395 - 0.789ms returns FALSE
T6810 012:946.292 JLINK_IsHalted()
T6810 012:947.194 - 0.900ms returns FALSE
T6810 012:947.202 JLINK_IsHalted()
T6810 012:947.984 - 0.781ms returns FALSE
T5268 013:006.571 JLINK_IsHalted()
T5268 013:007.453 - 0.881ms returns FALSE
T5268 013:007.461 JLINK_IsHalted()
T5268 013:008.226 - 0.765ms returns FALSE
T5268 013:116.119 JLINK_IsHalted()
T5268 013:116.994 - 0.873ms returns FALSE
T5268 013:117.007 JLINK_IsHalted()
T5268 013:117.747 - 0.739ms returns FALSE
T5268 013:225.170 JLINK_IsHalted()
T5268 013:225.983 - 0.813ms returns FALSE
T5268 013:226.030 JLINK_IsHalted()
T5268 013:226.738 - 0.708ms returns FALSE
T5268 013:334.682 JLINK_IsHalted()
T5268 013:336.051 - 1.368ms returns FALSE
T5268 013:336.086 JLINK_IsHalted()
T5268 013:337.083 - 0.995ms returns FALSE
T5268 013:443.690 JLINK_IsHalted()
T5268 013:444.683 - 0.994ms returns FALSE
T5268 013:444.699 JLINK_IsHalted()
T5268 013:445.547 - 0.848ms returns FALSE
T5268 013:553.413 JLINK_IsHalted()
T5268 013:554.534 - 1.121ms returns FALSE
T5268 013:554.550 JLINK_IsHalted()
T5268 013:555.258 - 0.706ms returns FALSE
T5268 013:662.109 JLINK_IsHalted()
T5268 013:663.250 - 1.140ms returns FALSE
T5268 013:663.266 JLINK_IsHalted()
T5268 013:664.072 - 0.806ms returns FALSE
T5268 013:771.632 JLINK_IsHalted()
T5268 013:772.522 - 0.888ms returns FALSE
T5268 013:772.534 JLINK_IsHalted()
T5268 013:773.235 - 0.700ms returns FALSE
T5268 013:881.552 JLINK_IsHalted()
T5268 013:882.566 - 1.014ms returns FALSE
T5268 013:882.611 JLINK_IsHalted()
T5268 013:883.346 - 0.734ms returns FALSE
T6810 013:948.432 JLINK_IsHalted()
T6810 013:949.323 - 0.891ms returns FALSE
T6810 013:949.357 JLINK_IsHalted()
T6810 013:950.110 - 0.752ms returns FALSE
T5268 013:991.077 JLINK_IsHalted()
T5268 013:992.741 - 1.663ms returns FALSE
T5268 013:992.758 JLINK_IsHalted()
T5268 013:993.531 - 0.772ms returns FALSE
T5268 014:100.299 JLINK_IsHalted()
T5268 014:101.150 - 0.850ms returns FALSE
T5268 014:101.165 JLINK_IsHalted()
T5268 014:102.066 - 0.899ms returns FALSE
T5268 014:209.525 JLINK_IsHalted()
T5268 014:211.678 - 2.153ms returns FALSE
T5268 014:211.696 JLINK_IsHalted()
T5268 014:212.429 - 0.733ms returns FALSE
T5268 014:318.584 JLINK_IsHalted()
T5268 014:319.555 - 0.970ms returns FALSE
T5268 014:319.590 JLINK_IsHalted()
T5268 014:320.528 - 0.938ms returns FALSE
T5268 014:428.595 JLINK_IsHalted()
T5268 014:429.413 - 0.817ms returns FALSE
T5268 014:429.427 JLINK_IsHalted()
T5268 014:430.298 - 0.871ms returns FALSE
T5268 014:538.014 JLINK_IsHalted()
T5268 014:539.018 - 1.003ms returns FALSE
T5268 014:539.032 JLINK_IsHalted()
T5268 014:539.763 - 0.730ms returns FALSE
T5268 014:646.779 JLINK_IsHalted()
T5268 014:647.664 - 0.883ms returns FALSE
T5268 014:647.677 JLINK_IsHalted()
T5268 014:648.450 - 0.772ms returns FALSE
T5268 014:756.714 JLINK_IsHalted()
T5268 014:757.616 - 0.902ms returns FALSE
T5268 014:757.624 JLINK_IsHalted()
T5268 014:758.458 - 0.832ms returns FALSE
T5268 014:865.582 JLINK_IsHalted()
T5268 014:866.656 - 1.072ms returns FALSE
T5268 014:866.688 JLINK_IsHalted()
T5268 014:867.437 - 0.748ms returns FALSE
T6810 014:951.325 JLINK_IsHalted()
T6810 014:952.776 - 1.450ms returns FALSE
T6810 014:952.802 JLINK_IsHalted()
T6810 014:953.549 - 0.746ms returns FALSE
T5268 014:975.581 JLINK_IsHalted()
T5268 014:976.374 - 0.792ms returns FALSE
T5268 014:976.381 JLINK_IsHalted()
T5268 014:977.205 - 0.822ms returns FALSE
T5268 015:084.758 JLINK_IsHalted()
T5268 015:085.658 - 0.898ms returns FALSE
T5268 015:085.688 JLINK_IsHalted()
T5268 015:086.456 - 0.766ms returns FALSE
T5268 015:193.798 JLINK_IsHalted()
T5268 015:194.666 - 0.866ms returns FALSE
T5268 015:194.699 JLINK_IsHalted()
T5268 015:196.206 - 1.507ms returns FALSE
T5268 015:302.782 JLINK_IsHalted()
T5268 015:303.773 - 0.989ms returns FALSE
T5268 015:303.795 JLINK_IsHalted()
T5268 015:304.592 - 0.796ms returns FALSE
T5268 015:349.128 JLINK_IsHalted()
T5268 015:349.982 - 0.852ms returns FALSE
T5268 015:349.990 JLINK_IsHalted()
T5268 015:350.922 - 0.931ms returns FALSE
T5268 015:350.938 JLINK_IsHalted()
T5268 015:351.622 - 0.684ms returns FALSE
T5268 015:351.630 JLINK_IsHalted()
T5268 015:352.342 - 0.710ms returns FALSE
T5268 015:352.381 JLINK_Halt()
T5268 015:357.643 - 5.261ms returns 0x00
T5268 015:357.683 JLINK_IsHalted()
T5268 015:357.693 - 0.009ms returns TRUE
T5268 015:357.706 JLINK_ReadReg(XPSR)
T5268 015:357.717 - 0.010ms returns 0x61000000
T5268 015:357.726 JLINK_ReadReg(R15 (PC))
T5268 015:357.734 - 0.008ms returns 0x00000630
T5268 015:357.746 JLINK_ReadReg(XPSR)
T5268 015:357.754 - 0.007ms returns 0x61000000
T5268 015:357.814 JLINK_ReadReg(XPSR)
T5268 015:357.846 - 0.032ms returns 0x61000000
T5268 015:357.859 JLINK_ReadReg(R15 (PC))
T5268 015:357.867 - 0.008ms returns 0x00000630
T5268 015:357.880 JLINK_ReadReg(XPSR)
T5268 015:357.888 - 0.007ms returns 0x61000000
T5268 015:357.898 JLINK_ReadReg(XPSR)
T5268 015:357.906 - 0.007ms returns 0x61000000
T5268 015:357.917 JLINK_ReadMem(0x00000630, 0x1 Bytes, ...)
T5268 015:357.931    -- Read from flash cache (1 bytes @ 0x00000630)
T5268 015:357.946   Data:  00
T5268 015:357.958 - 0.042ms returns 0
T5268 015:357.971 JLINK_IsHalted()
T5268 015:357.981 - 0.009ms returns TRUE
T5268 015:357.990 JLINK_ReadReg(XPSR)
T5268 015:358.000 - 0.009ms returns 0x61000000
T5268 015:358.011 JLINK_ReadReg(XPSR)
T5268 015:358.021 - 0.009ms returns 0x61000000
T5268 015:358.030 JLINK_ReadReg(R15 (PC))
T5268 015:358.040 - 0.009ms returns 0x00000630
T5268 015:358.051 JLINK_ReadReg(XPSR)
T5268 015:358.059 - 0.009ms returns 0x61000000
T5268 015:358.070 JLINK_ReadReg(XPSR)
T5268 015:358.078 - 0.008ms returns 0x61000000
T5268 015:358.090 JLINK_ReadMem(0x00000630, 0x1 Bytes, ...)
T5268 015:358.098    -- Read from flash cache (1 bytes @ 0x00000630)
T5268 015:358.109   Data:  00
T5268 015:358.120 - 0.030ms returns 0
T5268 015:358.149 JLINK_IsHalted()
T5268 015:358.157 - 0.007ms returns TRUE
T5268 015:358.166 JLINK_ReadReg(XPSR)
T5268 015:358.174 - 0.007ms returns 0x61000000
T5268 015:358.182 JLINK_ReadReg(R15 (PC))
T5268 015:358.190 - 0.007ms returns 0x00000630
T5268 015:358.198 JLINK_ReadReg(XPSR)
T5268 015:358.206 - 0.007ms returns 0x61000000
T5268 015:358.216 JLINK_ReadReg(XPSR)
T5268 015:358.224 - 0.007ms returns 0x61000000
T5268 015:358.232 JLINK_ReadReg(R15 (PC))
T5268 015:358.240 - 0.007ms returns 0x00000630
T5268 015:358.248 JLINK_ReadReg(XPSR)
T5268 015:358.256 - 0.007ms returns 0x61000000
T5268 015:358.264 JLINK_ReadReg(XPSR)
T5268 015:358.272 - 0.007ms returns 0x61000000
T5268 015:358.282 JLINK_ReadMem(0x00000630, 0x1 Bytes, ...)
T5268 015:358.290    -- Read from flash cache (1 bytes @ 0x00000630)
T5268 015:358.299   Data:  00
T5268 015:358.310 - 0.029ms returns 0
T5268 015:358.318 JLINK_IsHalted()
T5268 015:358.326 - 0.007ms returns TRUE
T5268 015:358.336 JLINK_ReadReg(XPSR)
T5268 015:358.342 - 0.007ms returns 0x61000000
T5268 015:358.352 JLINK_ReadReg(XPSR)
T5268 015:358.360 - 0.007ms returns 0x61000000
T5268 015:358.368 JLINK_ReadReg(R15 (PC))
T5268 015:358.376 - 0.007ms returns 0x00000630
T5268 015:358.384 JLINK_ReadReg(XPSR)
T5268 015:358.392 - 0.007ms returns 0x61000000
T5268 015:358.400 JLINK_ReadReg(XPSR)
T5268 015:358.408 - 0.007ms returns 0x61000000
T5268 015:358.418 JLINK_ReadMem(0x00000630, 0x1 Bytes, ...)
T5268 015:358.426    -- Read from flash cache (1 bytes @ 0x00000630)
T5268 015:358.435   Data:  00
T5268 015:358.446 - 0.029ms returns 0
T5268 015:359.194 JLINK_ReadRegs(NumRegs = 20)
T5268 015:359.235   
  R0 (0)        = 0x00                 R1 (1)        = 0x07                 R2 (2)        = 0x1FFE057C           R3 (3)        = 0x1FFE067F        
  R4 (4)        = 0x1FFE067C           R5 (5)        = 0x1FFE0440           R6 (6)        = 0x1FFE067E           R7 (7)        = 0x1FFE0408        
  R8 (8)        = 0x1FFE067D           R9 (9)        = 0x40040080           R10 (10)      = 0x00                 R11 (11)      = 0x40040080        
  R12 (12)      = 0x1F4                R13 (SP) (13) = 0x1FFE0400           R14 (14)      = 0x8DB                R15 (PC) (15) = 0x630             
  XPSR (16)     = 0x61000000           MSP (17)      = 0x1FFE0400           PSP (18)      = 0x1FFE1D38           CFBP (20)     = 0x00              
T5268 015:359.248 - 0.055ms returns 0x00
T5268 015:360.166 JLINK_ReadMem(0x00000630, 0x4 Bytes, ...)
T5268 015:360.190    -- Read from flash cache (4 bytes @ 0x00000630)
T5268 015:360.202   Data:  00 28 ED D0
T5268 015:360.214 - 0.048ms returns 0
T5268 015:381.246 JLINK_ReadMem(0x00000630, 0x4 Bytes, ...)
T5268 015:381.275    -- Read from flash cache (4 bytes @ 0x00000630)
T5268 015:381.282   Data:  00 28 ED D0
T5268 015:381.290 - 0.043ms returns 0
T5268 015:381.530 JLINK_ReadMem(0x1FFE0400, 0x40 Bytes, ...)
T5268 015:381.557   CPU_ReadMem(64 bytes @ 0x1FFE0400)
T5268 015:383.320   Data:  07 00 00 00 01 00 00 00 10 04 FE 1F E5 0A 00 00 ...
T5268 015:383.331 - 1.802ms returns 0
T5268 015:384.101 JLINK_ReadMem(0x00000AE4, 0x4 Bytes, ...)
T5268 015:384.110    -- Read from flash cache (4 bytes @ 0x00000AE4)
T5268 015:384.117   Data:  00 20 80 BD
T5268 015:384.122 - 0.020ms returns 0
T5268 015:385.181 JLINK_ReadMem(0x1FFE0000, 0x2 Bytes, ...)
T5268 015:385.205   CPU_ReadMem(2 bytes @ 0x1FFE0000)
T5268 015:385.995   Data:  33 03
T5268 015:386.008 - 0.827ms returns 0
T5268 015:713.197 JLINK_ReadMem(0x1FFE0000, 0x2 Bytes, ...)
T5268 015:713.243   CPU_ReadMem(2 bytes @ 0x1FFE0000)
T5268 015:714.122   Data:  33 03
T5268 015:714.141 - 0.943ms returns 0
T6810 016:362.018 JLINK_IsHalted()
T6810 016:362.856 - 0.838ms returns TRUE
T6810 016:362.880 JLINK_ReadReg(XPSR)
T6810 016:362.888 - 0.007ms returns 0x61000000
T6810 016:362.893 JLINK_ReadReg(R15 (PC))
T6810 016:362.896 - 0.004ms returns 0x00000630
T6810 016:362.902 JLINK_ReadReg(XPSR)
T6810 016:362.907 - 0.004ms returns 0x61000000
T6810 016:362.910 JLINK_ReadReg(XPSR)
T6810 016:362.914 - 0.003ms returns 0x61000000
T6810 016:362.918 JLINK_ReadReg(R15 (PC))
T6810 016:362.922 - 0.003ms returns 0x00000630
T6810 016:362.926 JLINK_ReadReg(XPSR)
T6810 016:362.930 - 0.003ms returns 0x61000000
T6810 016:362.934 JLINK_ReadReg(XPSR)
T6810 016:362.938 - 0.003ms returns 0x61000000
T6810 016:362.942 JLINK_ReadMem(0x00000630, 0x1 Bytes, ...)
T6810 016:362.949    -- Read from flash cache (1 bytes @ 0x00000630)
T6810 016:362.968   Data:  00
T6810 016:362.979 - 0.037ms returns 0
T6810 016:362.987 JLINK_IsHalted()
T6810 016:362.992 - 0.005ms returns TRUE
T6810 016:362.998 JLINK_ReadReg(XPSR)
T6810 016:363.003 - 0.005ms returns 0x61000000
T6810 016:363.008 JLINK_ReadReg(XPSR)
T6810 016:363.011 - 0.003ms returns 0x61000000
T6810 016:363.016 JLINK_ReadReg(R15 (PC))
T6810 016:363.021 - 0.003ms returns 0x00000630
T6810 016:363.026 JLINK_ReadReg(XPSR)
T6810 016:363.029 - 0.003ms returns 0x61000000
T6810 016:363.034 JLINK_ReadReg(XPSR)
T6810 016:363.037 - 0.003ms returns 0x61000000
T6810 016:363.042 JLINK_ReadMem(0x00000630, 0x1 Bytes, ...)
T6810 016:363.048    -- Read from flash cache (1 bytes @ 0x00000630)
T6810 016:363.053   Data:  00
T6810 016:363.058 - 0.016ms returns 0
T6810 016:363.261 JLINK_ReadMem(0xE0001004, 0x4 Bytes, ...)
T6810 016:363.270   CPU_ReadMem(4 bytes @ 0xE0001004)
T6810 016:364.064   Data:  2C A6 B1 26
T6810 016:364.080   Debug reg: DWT_CYCCNT
T6810 016:364.086 - 0.825ms returns 0
T5268 021:592.984 JLINK_ReadMem(0x1FFE059C, 0x4 Bytes, ...)
T5268 021:593.044   CPU_ReadMem(4 bytes @ 0x1FFE059C)
T5268 021:593.902   Data:  AB 0F 00 00
T5268 021:593.928 - 0.945ms returns 0
T5268 021:594.220 JLINK_ReadMem(0x1FFE05A0, 0x2 Bytes, ...)
T5268 021:594.260   CPU_ReadMem(2 bytes @ 0x1FFE05A0)
T5268 021:595.122   Data:  F5 01
T5268 021:595.132 - 0.915ms returns 0
T5268 021:595.292 JLINK_ReadMem(0x1FFE05A2, 0x1 Bytes, ...)
T5268 021:595.308   CPU_ReadMem(1 bytes @ 0x1FFE05A2)
T5268 021:596.150   Data:  07
T5268 021:596.162 - 0.870ms returns 0
T5268 021:596.322 JLINK_ReadMem(0x1FFE05A3, 0x1 Bytes, ...)
T5268 021:596.334   CPU_ReadMem(1 bytes @ 0x1FFE05A3)
T5268 021:597.184   Data:  06
T5268 021:597.196 - 0.874ms returns 0
T5268 280:611.264 JLINK_ReadMem(0x00001B5C, 0x1 Bytes, ...)
T5268 280:611.328    -- Read from flash cache (1 bytes @ 0x00001B5C)
T5268 280:611.360   Data:  40
T5268 280:611.360 - 0.092ms returns 0
T5268 280:690.784 JLINK_ReadMem(0x00001B5C, 0x1 Bytes, ...)
T5268 280:690.880    -- Read from flash cache (1 bytes @ 0x00001B5C)
T5268 280:690.880   Data:  40
T5268 280:690.912 - 0.133ms returns 0
T5268 525:782.944 JLINK_WriteMem(0xE0001004, 0x4 Bytes, ...)
T5268 525:782.976   Data:  00 00 00 00
T5268 525:782.976   Debug reg: DWT_CYCCNT
T5268 525:782.976 - 0.074ms returns 0x4
T5268 525:783.040 JLINK_ReadMem(0xE0001000, 0x4 Bytes, ...)
T5268 525:783.040   CPU_ReadMem(4 bytes @ 0xE0001000)
T5268 525:783.904   Data:  01 00 00 40
T5268 525:783.904   Debug reg: DWT_CTRL
T5268 525:783.904 - 0.904ms returns 0
T5268 525:783.904 JLINK_WriteMem(0xE0001FB0, 0x8 Bytes, ...)
T5268 525:783.904   Data:  00 00 00 00 55 CE AC C5
T5268 525:783.968   CPU_WriteMem(8 bytes @ 0xE0001FB0)
T5268 525:784.896 - 0.963ms returns 0x8
T5268 525:784.928 JLINK_ReadMem(0xE000EDFC, 0x4 Bytes, ...)
T5268 525:784.928   Data:  00 00 00 01
T5268 525:784.928   Debug reg: DEMCR
T5268 525:784.928 - 0.021ms returns 0
T5268 525:785.152 JLINK_ReadMem(0xE0001004, 0x4 Bytes, ...)
T5268 525:785.152   Data:  00 00 00 00
T5268 525:785.152   Debug reg: DWT_CYCCNT
T5268 525:785.152 - 0.015ms returns 0
T5268 525:785.152 JLINK_ResetPullsRESET(ON)
T5268 525:785.184 - 0.004ms 
T5268 525:785.184 JLINK_Halt()
T5268 525:786.048 - 0.870ms returns 0x00
T5268 525:786.048 JLINK_IsHalted()
T5268 525:786.112 - 0.006ms returns TRUE
T5268 525:786.112 JLINK_Reset()
T5268 525:786.112   Memory map 'before startup completion point' is active
T5268 525:786.112   JLINK_GetResetTypeDesc
T5268 525:786.112   - 0.003ms 
T5268 525:786.112   Reset type: CONNECT UNDER RESET (https://wiki.segger.com/J-Link_Reset_Strategies)
T5268 525:786.112   CPU_WriteMem(4 bytes @ 0xE000EDF0)
T5268 525:787.040   CPU_WriteMem(4 bytes @ 0xE000EDFC)
T5268 525:787.840   Reset: Halt core after reset via DEMCR.VC_CORERESET.
T5268 525:789.120   Reset: Reset device via AIRCR.SYSRESETREQ.
T5268 525:789.184   CPU_WriteMem(4 bytes @ 0xE000ED0C)
T5268 525:844.288   CPU_ReadMem(4 bytes @ 0xE000EDF0)
T5268 525:845.088   CPU_ReadMem(4 bytes @ 0xE000EDF0)
T5268 525:845.856   CPU_WriteMem(4 bytes @ 0xE000EDFC)
T5268 525:852.864   CPU_ReadMem(4 bytes @ 0xE000EDF0)
T5268 525:858.880   CPU_WriteMem(4 bytes @ 0xE0002000)
T5268 525:859.840   CPU_ReadMem(4 bytes @ 0xE000EDFC)
T5268 525:860.608   CPU_ReadMem(4 bytes @ 0xE0001000)
T5268 525:861.440 - 75.339ms 
T5268 525:861.472 JLINK_SetEndian(ARM_ENDIAN_LITTLE)
T5268 525:861.472 - 0.004ms returns 0
T5268 525:861.536 JLINK_WriteMem(0xE0001004, 0x4 Bytes, ...)
T5268 525:861.536   Data:  00 00 00 00
T5268 525:861.536   Debug reg: DWT_CYCCNT
T5268 525:861.536 - 0.036ms returns 0x4
T5268 525:861.568 JLINK_ReadMem(0xE0001000, 0x4 Bytes, ...)
T5268 525:861.568   CPU_ReadMem(4 bytes @ 0xE0001000)
T5268 525:862.400   Data:  01 00 00 40
T5268 525:862.400   Debug reg: DWT_CTRL
T5268 525:862.400 - 0.824ms returns 0
T5268 525:862.400 JLINK_WriteMem(0xE0001FB0, 0x8 Bytes, ...)
T5268 525:862.400   Data:  00 00 00 00 55 CE AC C5
T5268 525:862.464   CPU_WriteMem(8 bytes @ 0xE0001FB0)
T5268 525:863.328 - 0.895ms returns 0x8
T5268 525:863.328 JLINK_ReadMem(0xE000EDFC, 0x4 Bytes, ...)
T5268 525:863.328   CPU_ReadMem(4 bytes @ 0xE000EDFC)
T5268 525:864.128   Data:  00 00 00 01
T5268 525:864.128   Debug reg: DEMCR
T5268 525:864.128 - 0.817ms returns 0
T5268 525:864.352 JLINK_ReadMem(0xE0001004, 0x4 Bytes, ...)
T5268 525:864.352   Data:  00 00 00 00
T5268 525:864.352   Debug reg: DWT_CYCCNT
T5268 525:864.352 - 0.018ms returns 0
T5268 525:894.336 JLINK_SetBPEx(Addr = 0x00000ADC, Type = 0xFFFFFF00)
T5268 525:894.400 - 0.047ms returns 0x00000003
T5268 525:894.400 JLINK_ClrBPEx(BPHandle = 0x00000003)
T5268 525:894.464 - 0.008ms returns 0x00
T5268 525:910.464 JLINK_ReadMem(0x00000AE0, 0x2 Bytes, ...)
T5268 525:910.528    -- Read from flash cache (2 bytes @ 0x00000AE0)
T5268 525:910.528   Data:  FF F7
T5268 525:910.528 - 0.048ms returns 0
T5268 525:910.848 JLINK_SetBPEx(Addr = 0x00000AE0, Type = 0xFFFFFF00)
T5268 525:910.880 - 0.023ms returns 0x00000004
T5268 525:929.568 JLINK_ReadRegs(NumRegs = 20)
T5268 525:929.632   
  R0 (0)        = 0x00                 R1 (1)        = 0x07                 R2 (2)        = 0x1FFE057C           R3 (3)        = 0x1FFE067F        
  R4 (4)        = 0x1FFE067C           R5 (5)        = 0x1FFE0440           R6 (6)        = 0x1FFE067E           R7 (7)        = 0x1FFE0408        
  R8 (8)        = 0x1FFE067D           R9 (9)        = 0x40040080           R10 (10)      = 0x00                 R11 (11)      = 0x40040080        
  R12 (12)      = 0x1F4                R13 (SP) (13) = 0x1FFE0420           R14 (14)      = 0xFFFFFFFF           R15 (PC) (15) = 0x1D10            
  XPSR (16)     = 0x1000000            MSP (17)      = 0x1FFE0420           PSP (18)      = 0x1FFE1D38           CFBP (20)     = 0x00              
T5268 525:929.632 - 0.078ms returns 0x00
T5268 525:931.264 JLINK_ReadMem(0x00000AE0, 0x2 Bytes, ...)
T5268 525:931.264    -- Read from flash cache (2 bytes @ 0x00000AE0)
T5268 525:931.328   Data:  FF F7
T5268 525:931.328 - 0.044ms returns 0
T5268 525:931.520 JLINK_ClrBPEx(BPHandle = 0x00000004)
T5268 525:931.520 - 0.021ms returns 0x00
T5268 525:931.520 JLINK_SetBPEx(Addr = 0x00000AE0, Type = 0xFFFFFF00)
T5268 525:931.520 - 0.005ms returns 0x00000005
T5268 525:932.096 JLINK_STRACE_Read(..., NumItems = 0x10000)
T5268 525:932.096 - 0.020ms NumItemsRead = 0x00
T5268 525:932.288 JLINK_ReadMem(0xE0001004, 0x4 Bytes, ...)
T5268 525:932.288   Data:  00 00 00 00
T5268 525:932.352   Debug reg: DWT_CYCCNT
T5268 525:932.352 - 0.034ms returns 0
T5268 525:932.352 JLINK_IsHalted()
T5268 525:932.352 - 0.003ms returns TRUE
T5268 525:932.352 JLINK_STRACE_Read(..., NumItems = 0x10000)
T5268 525:932.352 - 0.004ms NumItemsRead = 0x00
T5268 525:932.544 JLINK_ReadMem(0xE0001004, 0x4 Bytes, ...)
T5268 525:932.544   Data:  00 00 00 00
T5268 525:932.608   Debug reg: DWT_CYCCNT
T5268 525:932.608 - 0.029ms returns 0
T5268 525:932.608 JLINK_GoEx(MaxEmulInsts = 0, Flags = 0x01)
T5268 525:932.608   CPU_WriteMem(4 bytes @ 0xE0002000)
T5268 525:933.504   CPU_ReadMem(4 bytes @ 0xE0001000)
T5268 525:934.272   CPU_WriteMem(4 bytes @ 0xE0002008)
T5268 525:934.272   CPU_WriteMem(4 bytes @ 0xE000200C)
T5268 525:934.272   CPU_WriteMem(4 bytes @ 0xE0002010)
T5268 525:934.336   CPU_WriteMem(4 bytes @ 0xE0002014)
T5268 525:934.336   CPU_WriteMem(4 bytes @ 0xE0002018)
T5268 525:934.336   CPU_WriteMem(4 bytes @ 0xE000201C)
T5268 525:937.344   CPU_WriteMem(4 bytes @ 0xE0001004)
T5268 525:939.200   Memory map 'after startup completion point' is active
T5268 525:939.200 - 6.638ms 
T5268 526:038.112 JLINK_IsHalted()
T5268 526:043.552 - 5.436ms returns TRUE
T5268 526:043.584 JLINK_ReadReg(XPSR)
T5268 526:043.584 - 0.012ms returns 0x61000000
T5268 526:043.584 JLINK_ReadReg(R15 (PC))
T5268 526:043.584 - 0.007ms returns 0x00000AE0
T5268 526:043.712 JLINK_ReadReg(XPSR)
T5268 526:043.712 - 0.017ms returns 0x61000000
T5268 526:043.712 JLINK_ReadReg(XPSR)
T5268 526:043.712 - 0.006ms returns 0x61000000
T5268 526:043.712 JLINK_ReadReg(R15 (PC))
T5268 526:043.712 - 0.006ms returns 0x00000AE0
T5268 526:043.744 JLINK_ReadReg(XPSR)
T5268 526:043.744 - 0.006ms returns 0x61000000
T5268 526:043.744 JLINK_ReadReg(XPSR)
T5268 526:043.808 - 0.008ms returns 0x61000000
T5268 526:043.808 JLINK_ReadMem(0x00000AE0, 0x1 Bytes, ...)
T5268 526:043.808    -- Read from flash cache (1 bytes @ 0x00000AE0)
T5268 526:043.808   Data:  FF
T5268 526:043.808 - 0.019ms returns 0
T5268 526:043.808 JLINK_IsHalted()
T5268 526:043.808 - 0.004ms returns TRUE
T5268 526:043.840 JLINK_ReadReg(XPSR)
T5268 526:043.840 - 0.004ms returns 0x61000000
T5268 526:043.840 JLINK_ReadReg(XPSR)
T5268 526:043.840 - 0.003ms returns 0x61000000
T5268 526:043.840 JLINK_ReadReg(R15 (PC))
T5268 526:043.840 - 0.004ms returns 0x00000AE0
T5268 526:043.840 JLINK_ReadReg(XPSR)
T5268 526:043.840 - 0.004ms returns 0x61000000
T5268 526:043.840 JLINK_ReadReg(XPSR)
T5268 526:043.840 - 0.003ms returns 0x61000000
T5268 526:043.840 JLINK_ReadMem(0x00000AE0, 0x1 Bytes, ...)
T5268 526:043.840    -- Read from flash cache (1 bytes @ 0x00000AE0)
T5268 526:043.904   Data:  FF
T5268 526:043.904 - 0.015ms returns 0
T5268 526:043.968 JLINK_IsHalted()
T5268 526:043.968 - 0.004ms returns TRUE
T5268 526:043.968 JLINK_ReadReg(XPSR)
T5268 526:043.968 - 0.003ms returns 0x61000000
T5268 526:043.968 JLINK_ReadReg(R15 (PC))
T5268 526:043.968 - 0.003ms returns 0x00000AE0
T5268 526:043.968 JLINK_ReadReg(XPSR)
T5268 526:044.000 - 0.030ms returns 0x61000000
T5268 526:044.000 JLINK_ReadReg(XPSR)
T5268 526:044.000 - 0.004ms returns 0x61000000
T5268 526:044.064 JLINK_ReadReg(R15 (PC))
T5268 526:044.064 - 0.011ms returns 0x00000AE0
T5268 526:044.064 JLINK_ReadReg(XPSR)
T5268 526:044.064 - 0.022ms returns 0x61000000
T5268 526:044.096 JLINK_ReadReg(XPSR)
T5268 526:044.096 - 0.003ms returns 0x61000000
T5268 526:044.096 JLINK_ReadMem(0x00000AE0, 0x1 Bytes, ...)
T5268 526:044.096    -- Read from flash cache (1 bytes @ 0x00000AE0)
T5268 526:044.096   Data:  FF
T5268 526:044.096 - 0.016ms returns 0
T5268 526:044.096 JLINK_IsHalted()
T5268 526:044.096 - 0.003ms returns TRUE
T5268 526:044.096 JLINK_ReadReg(XPSR)
T5268 526:044.096 - 0.003ms returns 0x61000000
T5268 526:044.096 JLINK_ReadReg(XPSR)
T5268 526:044.096 - 0.003ms returns 0x61000000
T5268 526:044.160 JLINK_ReadReg(R15 (PC))
T5268 526:044.160 - 0.003ms returns 0x00000AE0
T5268 526:044.160 JLINK_ReadReg(XPSR)
T5268 526:044.160 - 0.003ms returns 0x61000000
T5268 526:044.160 JLINK_ReadReg(XPSR)
T5268 526:044.160 - 0.003ms returns 0x61000000
T5268 526:044.160 JLINK_ReadMem(0x00000AE0, 0x1 Bytes, ...)
T5268 526:044.160    -- Read from flash cache (1 bytes @ 0x00000AE0)
T5268 526:044.160   Data:  FF
T5268 526:044.160 - 0.013ms returns 0
T5268 526:044.736 JLINK_ReadRegs(NumRegs = 20)
T5268 526:044.736   
  R0 (0)        = 0x00                 R1 (1)        = 0x2284               R2 (2)        = 0x40006300           R3 (3)        = 0x1BF             
  R4 (4)        = 0x1FFE067C           R5 (5)        = 0x1FFE0440           R6 (6)        = 0x1FFE067E           R7 (7)        = 0x1FFE0410        
  R8 (8)        = 0x1FFE067D           R9 (9)        = 0x40040080           R10 (10)      = 0x00                 R11 (11)      = 0x40040080        
  R12 (12)      = 0x1FFE0654           R13 (SP) (13) = 0x1FFE0410           R14 (14)      = 0x1D1D               R15 (PC) (15) = 0xAE0             
  XPSR (16)     = 0x61000000           MSP (17)      = 0x1FFE0410           PSP (18)      = 0x1FFE1D38           CFBP (20)     = 0x00              
T5268 526:044.736 - 0.040ms returns 0x00
T5268 526:045.856 JLINK_ReadMem(0x00000AE0, 0x4 Bytes, ...)
T5268 526:045.888    -- Read from flash cache (4 bytes @ 0x00000AE0)
T5268 526:045.888   Data:  FF F7 28 FD
T5268 526:045.888 - 0.035ms returns 0
T5268 526:046.400 JLINK_ClrBPEx(BPHandle = 0x00000005)
T5268 526:046.464 - 0.045ms returns 0x00
T5268 526:068.384 JLINK_ReadMem(0x00000AE0, 0x4 Bytes, ...)
T5268 526:068.384    -- Read from flash cache (4 bytes @ 0x00000AE0)
T5268 526:068.416   Data:  FF F7 28 FD
T5268 526:068.416 - 0.040ms returns 0
T5268 526:164.832 JLINK_ReadMem(0x1FFE0000, 0x2 Bytes, ...)
T5268 526:164.928   CPU_ReadMem(2 bytes @ 0x1FFE0000)
T5268 526:165.696   Data:  28 00
T5268 526:165.760 - 0.903ms returns 0
T5268 526:413.664 JLINK_ReadMem(0x1FFE0000, 0x2 Bytes, ...)
T5268 526:413.728   CPU_ReadMem(2 bytes @ 0x1FFE0000)
T5268 526:414.528   Data:  28 00
T5268 526:414.592 - 0.900ms returns 0
T6810 527:047.680 JLINK_IsHalted()
T6810 527:048.448 - 0.751ms returns TRUE
T6810 527:048.448 JLINK_ReadReg(XPSR)
T6810 527:048.448 - 0.007ms returns 0x61000000
T6810 527:048.448 JLINK_ReadReg(R15 (PC))
T6810 527:048.448 - 0.004ms returns 0x00000AE0
T6810 527:048.448 JLINK_ReadReg(XPSR)
T6810 527:048.448 - 0.003ms returns 0x61000000
T6810 527:048.448 JLINK_ReadReg(XPSR)
T6810 527:048.512 - 0.003ms returns 0x61000000
T6810 527:048.512 JLINK_ReadReg(R15 (PC))
T6810 527:048.512 - 0.003ms returns 0x00000AE0
T6810 527:048.512 JLINK_ReadReg(XPSR)
T6810 527:048.512 - 0.003ms returns 0x61000000
T6810 527:048.512 JLINK_ReadReg(XPSR)
T6810 527:048.512 - 0.003ms returns 0x61000000
T6810 527:048.512 JLINK_ReadMem(0x00000AE0, 0x1 Bytes, ...)
T6810 527:048.512    -- Read from flash cache (1 bytes @ 0x00000AE0)
T6810 527:048.512   Data:  FF
T6810 527:048.512 - 0.018ms returns 0
T6810 527:048.544 JLINK_IsHalted()
T6810 527:048.544 - 0.003ms returns TRUE
T6810 527:048.544 JLINK_ReadReg(XPSR)
T6810 527:048.544 - 0.003ms returns 0x61000000
T6810 527:048.544 JLINK_ReadReg(XPSR)
T6810 527:048.544 - 0.003ms returns 0x61000000
T6810 527:048.544 JLINK_ReadReg(R15 (PC))
T6810 527:048.544 - 0.003ms returns 0x00000AE0
T6810 527:048.544 JLINK_ReadReg(XPSR)
T6810 527:048.544 - 0.003ms returns 0x61000000
T6810 527:048.544 JLINK_ReadReg(XPSR)
T6810 527:048.544 - 0.003ms returns 0x61000000
T6810 527:048.544 JLINK_ReadMem(0x00000AE0, 0x1 Bytes, ...)
T6810 527:048.608    -- Read from flash cache (1 bytes @ 0x00000AE0)
T6810 527:048.608   Data:  FF
T6810 527:048.608 - 0.014ms returns 0
T6810 527:048.800 JLINK_ReadMem(0xE0001004, 0x4 Bytes, ...)
T6810 527:048.800   CPU_ReadMem(4 bytes @ 0xE0001004)
T6810 527:049.568   Data:  00 C0 01 00
T6810 527:049.568   Debug reg: DWT_CYCCNT
T6810 527:049.568 - 0.781ms returns 0
T5268 529:475.264 JLINK_STRACE_Read(..., NumItems = 0x10000)
T5268 529:475.328 - 0.038ms NumItemsRead = 0x00
T5268 529:475.488 JLINK_ReadMem(0xE0001004, 0x4 Bytes, ...)
T5268 529:475.520   Data:  00 C0 01 00
T5268 529:475.520   Debug reg: DWT_CYCCNT
T5268 529:475.520 - 0.026ms returns 0
T5268 529:475.520 JLINK_IsHalted()
T5268 529:476.416 - 0.866ms returns TRUE
T5268 529:476.448 JLINK_STRACE_Read(..., NumItems = 0x10000)
T5268 529:476.448 - 0.017ms NumItemsRead = 0x00
T5268 529:477.312 JLINK_ReadMem(0xE0001004, 0x4 Bytes, ...)
T5268 529:477.312   Data:  00 C0 01 00
T5268 529:477.312   Debug reg: DWT_CYCCNT
T5268 529:477.312 - 0.040ms returns 0
T5268 529:477.376 JLINK_GoEx(MaxEmulInsts = 0, Flags = 0x01)
T5268 529:477.376   CPU_ReadMem(4 bytes @ 0xE0001000)
T5268 529:478.208   CPU_WriteMem(4 bytes @ 0xE0002008)
T5268 529:480.256 - 2.881ms 
T5268 529:584.480 JLINK_IsHalted()
T5268 529:585.408 - 0.942ms returns FALSE
T5268 529:585.408 JLINK_IsHalted()
T5268 529:586.272 - 0.832ms returns FALSE
T5268 529:694.304 JLINK_IsHalted()
T5268 529:695.072 - 0.775ms returns FALSE
T5268 529:695.136 JLINK_IsHalted()
T5268 529:695.840 - 0.740ms returns FALSE
T5268 529:802.848 JLINK_IsHalted()
T5268 529:803.712 - 0.859ms returns FALSE
T5268 529:803.712 JLINK_IsHalted()
T5268 529:804.480 - 0.751ms returns FALSE
T5268 529:912.736 JLINK_IsHalted()
T5268 529:913.536 - 0.839ms returns FALSE
T5268 529:913.600 JLINK_IsHalted()
T5268 529:914.368 - 0.764ms returns FALSE
T5268 530:022.336 JLINK_IsHalted()
T5268 530:023.168 - 0.820ms returns FALSE
T5268 530:023.168 JLINK_IsHalted()
T5268 530:023.936 - 0.764ms returns FALSE
T5268 530:131.104 JLINK_IsHalted()
T5268 530:132.032 - 0.886ms returns FALSE
T5268 530:132.032 JLINK_IsHalted()
T5268 530:132.832 - 0.778ms returns FALSE
T5268 530:240.832 JLINK_IsHalted()
T5268 530:241.632 - 0.830ms returns FALSE
T5268 530:241.632 JLINK_IsHalted()
T5268 530:242.496 - 0.861ms returns FALSE
T5268 530:350.080 JLINK_IsHalted()
T5268 530:350.912 - 0.840ms returns FALSE
T5268 530:350.944 JLINK_IsHalted()
T5268 530:351.776 - 0.786ms returns FALSE
T5268 530:459.328 JLINK_IsHalted()
T5268 530:460.224 - 0.871ms returns FALSE
T5268 530:460.256 JLINK_IsHalted()
T5268 530:460.992 - 0.725ms returns FALSE
T6810 530:479.712 JLINK_IsHalted()
T6810 530:480.704 - 0.975ms returns FALSE
T6810 530:480.736 JLINK_IsHalted()
T6810 530:481.568 - 0.809ms returns FALSE
T5268 530:568.512 JLINK_IsHalted()
T5268 530:569.312 - 0.792ms returns FALSE
T5268 530:569.312 JLINK_IsHalted()
T5268 530:570.080 - 0.802ms returns FALSE
T5268 530:678.016 JLINK_IsHalted()
T5268 530:680.128 - 2.121ms returns FALSE
T5268 530:680.160 JLINK_IsHalted()
T5268 530:680.896 - 0.749ms returns FALSE
T5268 530:787.776 JLINK_IsHalted()
T5268 530:788.608 - 0.837ms returns FALSE
T5268 530:788.672 JLINK_IsHalted()
T5268 530:789.472 - 0.809ms returns FALSE
T5268 530:897.344 JLINK_IsHalted()
T5268 530:898.240 - 0.840ms returns FALSE
T5268 530:898.240 JLINK_IsHalted()
T5268 530:899.008 - 0.783ms returns FALSE
T5268 531:005.952 JLINK_IsHalted()
T5268 531:006.816 - 0.843ms returns FALSE
T5268 531:006.816 JLINK_IsHalted()
T5268 531:007.584 - 0.795ms returns FALSE
T5268 531:116.032 JLINK_IsHalted()
T5268 531:116.896 - 0.848ms returns FALSE
T5268 531:116.960 JLINK_IsHalted()
T5268 531:117.824 - 0.883ms returns FALSE
T5268 531:224.992 JLINK_IsHalted()
T5268 531:225.792 - 0.821ms returns FALSE
T5268 531:225.792 JLINK_IsHalted()
T5268 531:226.624 - 0.832ms returns FALSE
T5268 531:334.816 JLINK_IsHalted()
T5268 531:335.680 - 0.835ms returns FALSE
T5268 531:335.680 JLINK_IsHalted()
T5268 531:336.512 - 0.802ms returns FALSE
T5268 531:443.904 JLINK_IsHalted()
T5268 531:444.896 - 0.966ms returns FALSE
T5268 531:444.896 JLINK_IsHalted()
T5268 531:445.696 - 0.795ms returns FALSE
T6810 531:482.560 JLINK_IsHalted()
T6810 531:483.712 - 1.114ms returns FALSE
T6810 531:483.744 JLINK_IsHalted()
T6810 531:484.576 - 0.847ms returns FALSE
T5268 531:552.928 JLINK_IsHalted()
T5268 531:553.888 - 0.969ms returns FALSE
T5268 531:553.952 JLINK_IsHalted()
T5268 531:555.008 - 1.093ms returns FALSE
T5268 531:662.592 JLINK_IsHalted()
T5268 531:663.360 - 0.776ms returns FALSE
T5268 531:663.360 JLINK_IsHalted()
T5268 531:664.064 - 0.724ms returns FALSE
T5268 531:771.584 JLINK_IsHalted()
T5268 531:772.416 - 0.799ms returns FALSE
T5268 531:772.416 JLINK_IsHalted()
T5268 531:773.120 - 0.717ms returns FALSE
T5268 531:881.120 JLINK_IsHalted()
T5268 531:882.048 - 0.886ms returns FALSE
T5268 531:882.048 JLINK_IsHalted()
T5268 531:882.752 - 0.709ms returns FALSE
T5268 531:990.976 JLINK_IsHalted()
T5268 531:991.808 - 0.795ms returns FALSE
T5268 531:991.808 JLINK_IsHalted()
T5268 531:992.640 - 0.789ms returns FALSE
T5268 532:100.512 JLINK_IsHalted()
T5268 532:101.376 - 0.881ms returns FALSE
T5268 532:101.376 JLINK_IsHalted()
T5268 532:102.144 - 0.774ms returns FALSE
T5268 532:209.856 JLINK_IsHalted()
T5268 532:210.688 - 0.836ms returns FALSE
T5268 532:210.752 JLINK_IsHalted()
T5268 532:211.648 - 0.960ms returns FALSE
T5268 532:319.072 JLINK_IsHalted()
T5268 532:320.000 - 0.917ms returns FALSE
T5268 532:320.000 JLINK_IsHalted()
T5268 532:320.768 - 0.757ms returns FALSE
T5268 532:427.872 JLINK_IsHalted()
T5268 532:428.736 - 0.857ms returns FALSE
T5268 532:428.736 JLINK_IsHalted()
T5268 532:429.568 - 0.822ms returns FALSE
T6810 532:484.800 JLINK_IsHalted()
T6810 532:485.888 - 1.030ms returns FALSE
T6810 532:485.888 JLINK_IsHalted()
T6810 532:486.656 - 0.741ms returns FALSE
T5268 532:537.760 JLINK_IsHalted()
T5268 532:538.688 - 0.926ms returns FALSE
T5268 532:538.688 JLINK_IsHalted()
T5268 532:539.456 - 0.726ms returns FALSE
T5268 532:646.560 JLINK_IsHalted()
T5268 532:647.744 - 1.168ms returns FALSE
T5268 532:647.744 JLINK_IsHalted()
T5268 532:648.512 - 0.798ms returns FALSE
T5268 532:756.032 JLINK_IsHalted()
T5268 532:757.056 - 0.990ms returns FALSE
T5268 532:757.056 JLINK_IsHalted()
T5268 532:757.824 - 0.738ms returns FALSE
T5268 532:865.440 JLINK_IsHalted()
T5268 532:866.240 - 0.818ms returns FALSE
T5268 532:866.240 JLINK_IsHalted()
T5268 532:866.976 - 0.700ms returns FALSE
T5268 532:974.656 JLINK_IsHalted()
T5268 532:975.552 - 0.891ms returns FALSE
T5268 532:975.552 JLINK_IsHalted()
T5268 532:976.224 - 0.664ms returns FALSE
T5268 533:084.608 JLINK_IsHalted()
T5268 533:085.536 - 0.913ms returns FALSE
T5268 533:085.536 JLINK_IsHalted()
T5268 533:086.368 - 0.798ms returns FALSE
T5268 533:193.920 JLINK_IsHalted()
T5268 533:194.816 - 0.872ms returns FALSE
T5268 533:194.848 JLINK_IsHalted()
T5268 533:195.680 - 0.809ms returns FALSE
T5268 533:302.848 JLINK_IsHalted()
T5268 533:303.744 - 0.921ms returns FALSE
T5268 533:303.744 JLINK_IsHalted()
T5268 533:304.576 - 0.793ms returns FALSE
T5268 533:412.192 JLINK_IsHalted()
T5268 533:413.184 - 0.936ms returns FALSE
T5268 533:413.184 JLINK_IsHalted()
T5268 533:414.080 - 0.917ms returns FALSE
T6810 533:487.040 JLINK_IsHalted()
T6810 533:488.032 - 0.931ms returns FALSE
T6810 533:488.032 JLINK_IsHalted()
T6810 533:488.800 - 0.776ms returns FALSE
T5268 533:521.920 JLINK_IsHalted()
T5268 533:522.784 - 0.864ms returns FALSE
T5268 533:522.784 JLINK_IsHalted()
T5268 533:523.552 - 0.770ms returns FALSE
T5268 533:631.840 JLINK_IsHalted()
T5268 533:633.280 - 1.448ms returns FALSE
T5268 533:633.280 JLINK_IsHalted()
T5268 533:634.208 - 0.882ms returns FALSE
T5268 533:740.608 JLINK_IsHalted()
T5268 533:742.016 - 1.399ms returns FALSE
T5268 533:742.016 JLINK_IsHalted()
T5268 533:742.848 - 0.823ms returns FALSE
T5268 533:771.520 JLINK_IsHalted()
T5268 533:772.448 - 0.884ms returns FALSE
T5268 533:772.480 JLINK_IsHalted()
T5268 533:773.248 - 0.818ms returns FALSE
T5268 533:773.376 JLINK_IsHalted()
T5268 533:774.176 - 0.803ms returns FALSE
T5268 533:774.176 JLINK_IsHalted()
T5268 533:774.944 - 0.743ms returns FALSE
T5268 533:774.944 JLINK_Halt()
T5268 533:780.224 - 5.295ms returns 0x00
T5268 533:780.288 JLINK_IsHalted()
T5268 533:780.288 - 0.004ms returns TRUE
T5268 533:780.288 JLINK_ReadReg(XPSR)
T5268 533:780.288 - 0.005ms returns 0x61000000
T5268 533:780.288 JLINK_ReadReg(R15 (PC))
T5268 533:780.288 - 0.003ms returns 0x00000614
T5268 533:780.288 JLINK_ReadReg(XPSR)
T5268 533:780.288 - 0.003ms returns 0x61000000
T5268 533:780.288 JLINK_ReadReg(XPSR)
T5268 533:780.288 - 0.003ms returns 0x61000000
T5268 533:780.288 JLINK_ReadReg(R15 (PC))
T5268 533:780.320 - 0.003ms returns 0x00000614
T5268 533:780.320 JLINK_ReadReg(XPSR)
T5268 533:780.320 - 0.003ms returns 0x61000000
T5268 533:780.320 JLINK_ReadReg(XPSR)
T5268 533:780.320 - 0.003ms returns 0x61000000
T5268 533:780.320 JLINK_ReadMem(0x00000614, 0x1 Bytes, ...)
T5268 533:780.320    -- Read from flash cache (1 bytes @ 0x00000614)
T5268 533:780.320   Data:  00
T5268 533:780.320 - 0.019ms returns 0
T5268 533:780.320 JLINK_IsHalted()
T5268 533:780.320 - 0.003ms returns TRUE
T5268 533:780.384 JLINK_ReadReg(XPSR)
T5268 533:780.384 - 0.003ms returns 0x61000000
T5268 533:780.384 JLINK_ReadReg(XPSR)
T5268 533:780.384 - 0.003ms returns 0x61000000
T5268 533:780.384 JLINK_ReadReg(R15 (PC))
T5268 533:780.384 - 0.003ms returns 0x00000614
T5268 533:780.384 JLINK_ReadReg(XPSR)
T5268 533:780.384 - 0.003ms returns 0x61000000
T5268 533:780.384 JLINK_ReadReg(XPSR)
T5268 533:780.384 - 0.003ms returns 0x61000000
T5268 533:780.384 JLINK_ReadMem(0x00000614, 0x1 Bytes, ...)
T5268 533:780.384    -- Read from flash cache (1 bytes @ 0x00000614)
T5268 533:780.416   Data:  00
T5268 533:780.416 - 0.015ms returns 0
T5268 533:780.416 JLINK_IsHalted()
T5268 533:780.416 - 0.003ms returns TRUE
T5268 533:780.416 JLINK_ReadReg(XPSR)
T5268 533:780.416 - 0.003ms returns 0x61000000
T5268 533:780.416 JLINK_ReadReg(R15 (PC))
T5268 533:780.416 - 0.003ms returns 0x00000614
T5268 533:780.416 JLINK_ReadReg(XPSR)
T5268 533:780.416 - 0.003ms returns 0x61000000
T5268 533:780.416 JLINK_ReadReg(XPSR)
T5268 533:780.480 - 0.003ms returns 0x61000000
T5268 533:780.480 JLINK_ReadReg(R15 (PC))
T5268 533:780.480 - 0.003ms returns 0x00000614
T5268 533:780.480 JLINK_ReadReg(XPSR)
T5268 533:780.480 - 0.007ms returns 0x61000000
T5268 533:780.480 JLINK_ReadReg(XPSR)
T5268 533:780.480 - 0.003ms returns 0x61000000
T5268 533:780.480 JLINK_ReadMem(0x00000614, 0x1 Bytes, ...)
T5268 533:780.480    -- Read from flash cache (1 bytes @ 0x00000614)
T5268 533:780.480   Data:  00
T5268 533:780.480 - 0.013ms returns 0
T5268 533:780.544 JLINK_IsHalted()
T5268 533:780.544 - 0.003ms returns TRUE
T5268 533:780.544 JLINK_ReadReg(XPSR)
T5268 533:780.544 - 0.003ms returns 0x61000000
T5268 533:780.544 JLINK_ReadReg(XPSR)
T5268 533:780.544 - 0.003ms returns 0x61000000
T5268 533:780.544 JLINK_ReadReg(R15 (PC))
T5268 533:780.544 - 0.003ms returns 0x00000614
T5268 533:780.544 JLINK_ReadReg(XPSR)
T5268 533:780.544 - 0.003ms returns 0x61000000
T5268 533:780.544 JLINK_ReadReg(XPSR)
T5268 533:780.544 - 0.003ms returns 0x61000000
T5268 533:780.544 JLINK_ReadMem(0x00000614, 0x1 Bytes, ...)
T5268 533:780.544    -- Read from flash cache (1 bytes @ 0x00000614)
T5268 533:780.576   Data:  00
T5268 533:780.576 - 0.013ms returns 0
T5268 533:781.088 JLINK_ReadRegs(NumRegs = 20)
T5268 533:781.152   
  R0 (0)        = 0x00                 R1 (1)        = 0x00                 R2 (2)        = 0x1EFFFFF            R3 (3)        = 0x1FFE067F        
  R4 (4)        = 0x1FFE067C           R5 (5)        = 0x1FFE0440           R6 (6)        = 0x1FFE067E           R7 (7)        = 0x1FFE0408        
  R8 (8)        = 0x1FFE067D           R9 (9)        = 0x40040080           R10 (10)      = 0x00                 R11 (11)      = 0x40040080        
  R12 (12)      = 0x40072000           R13 (SP) (13) = 0x1FFE0400           R14 (14)      = 0x89D                R15 (PC) (15) = 0x614             
  XPSR (16)     = 0x61000000           MSP (17)      = 0x1FFE0400           PSP (18)      = 0x1FFE1D38           CFBP (20)     = 0x00              
T5268 533:781.152 - 0.037ms returns 0x00
T5268 533:781.824 JLINK_ReadMem(0x00000614, 0x4 Bytes, ...)
T5268 533:781.824    -- Read from flash cache (4 bytes @ 0x00000614)
T5268 533:781.856   Data:  00 28 18 BF
T5268 533:781.856 - 0.024ms returns 0
T5268 533:802.560 JLINK_ReadMem(0x00000614, 0x4 Bytes, ...)
T5268 533:802.592    -- Read from flash cache (4 bytes @ 0x00000614)
T5268 533:802.592   Data:  00 28 18 BF
T5268 533:802.592 - 0.050ms returns 0
T5268 533:802.912 JLINK_ReadMem(0x1FFE0400, 0x40 Bytes, ...)
T5268 533:802.944   CPU_ReadMem(64 bytes @ 0x1FFE0400)
T5268 533:804.544   Data:  07 00 00 00 00 00 00 00 10 04 FE 1F E5 0A 00 00 ...
T5268 533:804.608 - 1.688ms returns 0
T5268 533:804.992 JLINK_ReadMem(0x00000AE4, 0x4 Bytes, ...)
T5268 533:804.992    -- Read from flash cache (4 bytes @ 0x00000AE4)
T5268 533:804.992   Data:  00 20 80 BD
T5268 533:804.992 - 0.026ms returns 0
T5268 533:836.288 JLINK_ReadMem(0x1FFE0000, 0x2 Bytes, ...)
T5268 533:836.352   CPU_ReadMem(2 bytes @ 0x1FFE0000)
T5268 533:837.216   Data:  39 03
T5268 533:837.216 - 0.928ms returns 0
T5268 534:584.768 JLINK_ReadMem(0x1FFE0000, 0x2 Bytes, ...)
T5268 534:584.832   CPU_ReadMem(2 bytes @ 0x1FFE0000)
T5268 534:585.664   Data:  39 03
T5268 534:585.696 - 0.919ms returns 0
T5268 534:588.000 JLINK_ReadMem(0x1FFE059C, 0x4 Bytes, ...)
T5268 534:588.000   CPU_ReadMem(4 bytes @ 0x1FFE059C)
T5268 534:588.832   Data:  CE 0F 00 00
T5268 534:588.832 - 0.833ms returns 0
T5268 534:589.088 JLINK_ReadMem(0x1FFE05A0, 0x2 Bytes, ...)
T5268 534:589.088   CPU_ReadMem(2 bytes @ 0x1FFE05A0)
T5268 534:589.888   Data:  F9 01
T5268 534:589.952 - 0.864ms returns 0
T5268 534:590.144 JLINK_ReadMem(0x1FFE05A2, 0x1 Bytes, ...)
T5268 534:590.144   CPU_ReadMem(1 bytes @ 0x1FFE05A2)
T5268 534:590.976   Data:  03
T5268 534:591.040 - 0.860ms returns 0
T5268 534:591.296 JLINK_ReadMem(0x1FFE05A3, 0x1 Bytes, ...)
T5268 534:591.328   CPU_ReadMem(1 bytes @ 0x1FFE05A3)
T5268 534:592.192   Data:  02
T5268 534:592.192 - 0.934ms returns 0
T6810 534:783.648 JLINK_IsHalted()
T6810 534:784.448 - 0.838ms returns TRUE
T6810 534:784.512 JLINK_ReadReg(XPSR)
T6810 534:784.512 - 0.007ms returns 0x61000000
T6810 534:784.512 JLINK_ReadReg(R15 (PC))
T6810 534:784.512 - 0.011ms returns 0x00000614
T6810 534:784.512 JLINK_ReadReg(XPSR)
T6810 534:784.512 - 0.003ms returns 0x61000000
T6810 534:784.576 JLINK_ReadReg(XPSR)
T6810 534:784.576 - 0.003ms returns 0x61000000
T6810 534:784.576 JLINK_ReadReg(R15 (PC))
T6810 534:784.576 - 0.003ms returns 0x00000614
T6810 534:784.576 JLINK_ReadReg(XPSR)
T6810 534:784.576 - 0.003ms returns 0x61000000
T6810 534:784.576 JLINK_ReadReg(XPSR)
T6810 534:784.576 - 0.003ms returns 0x61000000
T6810 534:784.576 JLINK_ReadMem(0x00000614, 0x1 Bytes, ...)
T6810 534:784.576    -- Read from flash cache (1 bytes @ 0x00000614)
T6810 534:784.576   Data:  00
T6810 534:784.608 - 0.019ms returns 0
T6810 534:784.608 JLINK_IsHalted()
T6810 534:784.608 - 0.004ms returns TRUE
T6810 534:784.608 JLINK_ReadReg(XPSR)
T6810 534:784.608 - 0.006ms returns 0x61000000
T6810 534:784.608 JLINK_ReadReg(XPSR)
T6810 534:784.672 - 0.003ms returns 0x61000000
T6810 534:784.672 JLINK_ReadReg(R15 (PC))
T6810 534:784.672 - 0.003ms returns 0x00000614
T6810 534:784.672 JLINK_ReadReg(XPSR)
T6810 534:784.672 - 0.003ms returns 0x61000000
T6810 534:784.672 JLINK_ReadReg(XPSR)
T6810 534:784.672 - 0.003ms returns 0x61000000
T6810 534:784.672 JLINK_ReadMem(0x00000614, 0x1 Bytes, ...)
T6810 534:784.672    -- Read from flash cache (1 bytes @ 0x00000614)
T6810 534:784.672   Data:  00
T6810 534:784.672 - 0.015ms returns 0
T6810 534:784.864 JLINK_ReadMem(0xE0001004, 0x4 Bytes, ...)
T6810 534:784.864   CPU_ReadMem(4 bytes @ 0xE0001004)
T6810 534:785.792   Data:  AD 22 BB 1E
T6810 534:785.792   Debug reg: DWT_CYCCNT
T6810 534:785.792 - 0.923ms returns 0
T5268 545:959.104 JLINK_ReadMem(0x1FFE0574, 0x4 Bytes, ...)
T5268 545:959.168   CPU_ReadMem(4 bytes @ 0x1FFE0574)
T5268 545:960.064   Data:  C8 19 00 00
T5268 545:960.128 - 1.010ms returns 0
T5268 545:960.576 JLINK_ReadMem(0x1FFE0578, 0x2 Bytes, ...)
T5268 545:960.576   CPU_ReadMem(2 bytes @ 0x1FFE0578)
T5268 545:961.408   Data:  39 03
T5268 545:961.408 - 0.861ms returns 0
T5268 545:961.600 JLINK_ReadMem(0x1FFE057A, 0x1 Bytes, ...)
T5268 545:961.600   CPU_ReadMem(1 bytes @ 0x1FFE057A)
T5268 545:962.432   Data:  03
T5268 545:962.496 - 0.851ms returns 0
T5268 545:962.688 JLINK_ReadMem(0x1FFE057B, 0x1 Bytes, ...)
T5268 545:962.688   CPU_ReadMem(1 bytes @ 0x1FFE057B)
T5268 545:963.520   Data:  02
T5268 545:963.520 - 0.846ms returns 0
T5268 557:642.880 JLINK_ReadMem(0x00000DC8, 0x1 Bytes, ...)
T5268 557:642.880    -- Read from flash cache (1 bytes @ 0x00000DC8)
T5268 557:642.880   Data:  D0
T5268 557:642.880 - 0.048ms returns 0
T5268 557:704.576 JLINK_ReadMem(0x00000DC8, 0x1 Bytes, ...)
T5268 557:704.640    -- Read from flash cache (1 bytes @ 0x00000DC8)
T5268 557:704.640   Data:  D0
T5268 557:704.640 - 0.049ms returns 0
TCB2C 56298:397.696 JLINK_Halt()
TCB2C 56298:397.696 - 0.874ms returns 0x00
TCB2C 56298:397.696 JLINK_ReadReg(XPSR)
TCB2C 56298:397.696 - 0.039ms returns 0x61000000
TCB2C 56298:405.888 JLINK_Close()
TCB2C 56298:405.888   OnDisconnectTarget() start
TCB2C 56298:405.888    J-Link Script File: Executing OnDisconnectTarget()
TCB2C 56298:405.888   Restoring low power mode settings.
TCB2C 56298:405.888   OnDisconnectTarget() end - Took 4.04ms
TCB2C 56298:414.080 - 9.500ms
TCB2C 56298:414.080   
TCB2C 56298:414.080   Closed
